/home/bioinfo202200130116/bioinfo/codebasev5/graphnn/run_multi_gpu_comparison.py:398: UserWarning: It is not recommended to directly access the internal storage format `data` of an 'InMemoryDataset'. If you are absolutely certain what you are doing, access the internal storage via `InMemoryDataset._data` instead to suppress this warning. Alternatively, you can access stacked individual attributes of every graph via `dataset.{attr_name}`.
  dataset.data.y,
================================================================================
多GPU并行对比实验
================================================================================

使用GPU: [4, 5, 6]
GNN类型: ['gin', 'gcn', 'gatv2']
KAN类型: fourier
训练轮数: 100
path_current_dir /home/bioinfo202200130116/bioinfo/codebasev5/graphnn/deepadr
path_current_dir /home/bioinfo202200130116/bioinfo/codebasev5/graphnn/deepadr

实验目录: /home/bioinfo202200130116/bioinfo/codebasev5/graphnn/data/processed/DrugComb_loewe_thresh_1/data_v1/experiments/multi_gpu_comparison_2026-05-03_20-33-08

加载数据集...
数据集大小: 160228
fold_num: 0
train data
class: 0 norm count: 0.8518242417412862
class: 1 norm count: 0.1481757582587138
validation data
class: 0 norm count: 0.8518605195413059
class: 1 norm count: 0.14813948045869413
test data
class: 0 norm count: 0.8518379828995819
class: 1 norm count: 0.14816201710041815

-------------------------
fold_num: 1
train data
class: 0 norm count: 0.8518242417412862
class: 1 norm count: 0.1481757582587138
validation data
class: 0 norm count: 0.8518605195413059
class: 1 norm count: 0.14813948045869413
test data
class: 0 norm count: 0.8518379828995819
class: 1 norm count: 0.14816201710041815

-------------------------
fold_num: 2
train data
class: 0 norm count: 0.8518329100318126
class: 1 norm count: 0.14816708996818737
validation data
class: 0 norm count: 0.8518605195413059
class: 1 norm count: 0.14813948045869413
test data
class: 0 norm count: 0.8518067777569743
class: 1 norm count: 0.14819322224302564

-------------------------
fold_num: 3
train data
class: 0 norm count: 0.8518255261606741
class: 1 norm count: 0.14817447383932597
validation data
class: 0 norm count: 0.8518605195413059
class: 1 norm count: 0.14813948045869413
test data
class: 0 norm count: 0.8518333593384303
class: 1 norm count: 0.14816664066156968

-------------------------
fold_num: 4
train data
class: 0 norm count: 0.8518255261606741
class: 1 norm count: 0.14817447383932597
validation data
class: 0 norm count: 0.8518605195413059
class: 1 norm count: 0.14813948045869413
test data
class: 0 norm count: 0.8518333593384303
class: 1 norm count: 0.14816664066156968

-------------------------
训练集: 115363
验证集: 12819
测试集: 32046
path_current_dir /home/bioinfo202200130116/bioinfo/codebasev5/graphnn/deepadr
path_current_dir /home/bioinfo202200130116/bioinfo/codebasev5/graphnn/deepadr
path_current_dir /home/bioinfo202200130116/bioinfo/codebasev5/graphnn/deepadr
path_current_dir /home/bioinfo202200130116/bioinfo/codebasev5/graphnn/deepadr
path_current_dir /home/bioinfo202200130116/bioinfo/codebasev5/graphnn/deepadr
path_current_dir /home/bioinfo202200130116/bioinfo/codebasev5/graphnn/deepadr
path_current_dir /home/bioinfo202200130116/bioinfo/codebasev5/graphnn/deepadr
path_current_dir /home/bioinfo202200130116/bioinfo/codebasev5/graphnn/deepadr
path_current_dir /home/bioinfo202200130116/bioinfo/codebasev5/graphnn/deepadr

总共 3 个实验将在 3 个GPU上运行

实验列表:
  1. gin_KAGNN_fourier (GPU 4)
  2. gcn_KAGNN_fourier (GPU 5)
  3. gatv2_KAGNN_fourier (GPU 6)

开始并行训练...
================================================================================
/home/bioinfo202200130116/bioinfo/codebasev5/graphnn/deepadr/train_functions_kagnn.py:153: UserWarning: It is not recommended to directly access the internal storage format `data` of an 'InMemoryDataset'. If you are absolutely certain what you are doing, access the internal storage via `InMemoryDataset._data` instead to suppress this warning. Alternatively, you can access stacked individual attributes of every graph via `dataset.{attr_name}`.
  y_weights = compute_class_weights(used_dataset.data.y[partition['train']])
/home/bioinfo202200130116/bioinfo/codebasev5/graphnn/deepadr/train_functions_kagnn.py:153: UserWarning: It is not recommended to directly access the internal storage format `data` of an 'InMemoryDataset'. If you are absolutely certain what you are doing, access the internal storage via `InMemoryDataset._data` instead to suppress this warning. Alternatively, you can access stacked individual attributes of every graph via `dataset.{attr_name}`.
  y_weights = compute_class_weights(used_dataset.data.y[partition['train']])
/home/bioinfo202200130116/bioinfo/codebasev5/graphnn/deepadr/train_functions_kagnn.py:153: UserWarning: It is not recommended to directly access the internal storage format `data` of an 'InMemoryDataset'. If you are absolutely certain what you are doing, access the internal storage via `InMemoryDataset._data` instead to suppress this warning. Alternatively, you can access stacked individual attributes of every graph via `dataset.{attr_name}`.
  y_weights = compute_class_weights(used_dataset.data.y[partition['train']])
/home/bioinfo202200130116/.local/lib/python3.10/site-packages/sklearn/metrics/_classification.py:1731: UndefinedMetricWarning: Precision is ill-defined and being set to 0.0 in labels with no predicted samples. Use `zero_division` parameter to control this behavior.
  _warn_prf(average, modifier, f"{metric.capitalize()} is", result.shape[0])
/home/bioinfo202200130116/.local/lib/python3.10/site-packages/sklearn/metrics/_classification.py:1731: UndefinedMetricWarning: Precision is ill-defined and being set to 0.0 in labels with no predicted samples. Use `zero_division` parameter to control this behavior.
  _warn_prf(average, modifier, f"{metric.capitalize()} is", result.shape[0])
/home/bioinfo202200130116/.local/lib/python3.10/site-packages/sklearn/metrics/_classification.py:1731: UndefinedMetricWarning: Precision is ill-defined and being set to 0.0 in labels with no predicted samples. Use `zero_division` parameter to control this behavior.
  _warn_prf(average, modifier, f"{metric.capitalize()} is", result.shape[0])
/home/bioinfo202200130116/.local/lib/python3.10/site-packages/sklearn/metrics/_classification.py:1731: UndefinedMetricWarning: Precision is ill-defined and being set to 0.0 due to no predicted samples. Use `zero_division` parameter to control this behavior.
  _warn_prf(average, modifier, f"{metric.capitalize()} is", result.shape[0])
/home/bioinfo202200130116/.local/lib/python3.10/site-packages/sklearn/metrics/_classification.py:1731: UndefinedMetricWarning: Precision is ill-defined and being set to 0.0 in labels with no predicted samples. Use `zero_division` parameter to control this behavior.
  _warn_prf(average, modifier, f"{metric.capitalize()} is", result.shape[0])
/home/bioinfo202200130116/.local/lib/python3.10/site-packages/sklearn/metrics/_classification.py:1731: UndefinedMetricWarning: Precision is ill-defined and being set to 0.0 in labels with no predicted samples. Use `zero_division` parameter to control this behavior.
  _warn_prf(average, modifier, f"{metric.capitalize()} is", result.shape[0])
/home/bioinfo202200130116/.local/lib/python3.10/site-packages/sklearn/metrics/_classification.py:1731: UndefinedMetricWarning: Precision is ill-defined and being set to 0.0 in labels with no predicted samples. Use `zero_division` parameter to control this behavior.
  _warn_prf(average, modifier, f"{metric.capitalize()} is", result.shape[0])
/home/bioinfo202200130116/.local/lib/python3.10/site-packages/sklearn/metrics/_classification.py:1731: UndefinedMetricWarning: Precision is ill-defined and being set to 0.0 in labels with no predicted samples. Use `zero_division` parameter to control this behavior.
  _warn_prf(average, modifier, f"{metric.capitalize()} is", result.shape[0])
/home/bioinfo202200130116/.local/lib/python3.10/site-packages/sklearn/metrics/_classification.py:1731: UndefinedMetricWarning: Precision is ill-defined and being set to 0.0 in labels with no predicted samples. Use `zero_division` parameter to control this behavior.
  _warn_prf(average, modifier, f"{metric.capitalize()} is", result.shape[0])
/home/bioinfo202200130116/.local/lib/python3.10/site-packages/sklearn/metrics/_classification.py:1731: UndefinedMetricWarning: Precision is ill-defined and being set to 0.0 in labels with no predicted samples. Use `zero_division` parameter to control this behavior.
  _warn_prf(average, modifier, f"{metric.capitalize()} is", result.shape[0])
/home/bioinfo202200130116/.local/lib/python3.10/site-packages/sklearn/metrics/_classification.py:1731: UndefinedMetricWarning: Precision is ill-defined and being set to 0.0 due to no predicted samples. Use `zero_division` parameter to control this behavior.
  _warn_prf(average, modifier, f"{metric.capitalize()} is", result.shape[0])
/home/bioinfo202200130116/.local/lib/python3.10/site-packages/sklearn/metrics/_classification.py:1731: UndefinedMetricWarning: Precision is ill-defined and being set to 0.0 in labels with no predicted samples. Use `zero_division` parameter to control this behavior.
  _warn_prf(average, modifier, f"{metric.capitalize()} is", result.shape[0])
/home/bioinfo202200130116/.local/lib/python3.10/site-packages/sklearn/metrics/_classification.py:1731: UndefinedMetricWarning: Precision is ill-defined and being set to 0.0 in labels with no predicted samples. Use `zero_division` parameter to control this behavior.
  _warn_prf(average, modifier, f"{metric.capitalize()} is", result.shape[0])
/home/bioinfo202200130116/.local/lib/python3.10/site-packages/sklearn/metrics/_classification.py:1731: UndefinedMetricWarning: Precision is ill-defined and being set to 0.0 in labels with no predicted samples. Use `zero_division` parameter to control this behavior.
  _warn_prf(average, modifier, f"{metric.capitalize()} is", result.shape[0])
/home/bioinfo202200130116/.local/lib/python3.10/site-packages/sklearn/metrics/_classification.py:1731: UndefinedMetricWarning: Precision is ill-defined and being set to 0.0 due to no predicted samples. Use `zero_division` parameter to control this behavior.
  _warn_prf(average, modifier, f"{metric.capitalize()} is", result.shape[0])
/home/bioinfo202200130116/.local/lib/python3.10/site-packages/sklearn/metrics/_classification.py:1731: UndefinedMetricWarning: Precision is ill-defined and being set to 0.0 in labels with no predicted samples. Use `zero_division` parameter to control this behavior.
  _warn_prf(average, modifier, f"{metric.capitalize()} is", result.shape[0])
/home/bioinfo202200130116/.local/lib/python3.10/site-packages/sklearn/metrics/_classification.py:1731: UndefinedMetricWarning: Precision is ill-defined and being set to 0.0 in labels with no predicted samples. Use `zero_division` parameter to control this behavior.
  _warn_prf(average, modifier, f"{metric.capitalize()} is", result.shape[0])
/home/bioinfo202200130116/.local/lib/python3.10/site-packages/sklearn/metrics/_classification.py:1731: UndefinedMetricWarning: Precision is ill-defined and being set to 0.0 in labels with no predicted samples. Use `zero_division` parameter to control this behavior.
  _warn_prf(average, modifier, f"{metric.capitalize()} is", result.shape[0])
/home/bioinfo202200130116/.local/lib/python3.10/site-packages/sklearn/metrics/_classification.py:1731: UndefinedMetricWarning: Precision is ill-defined and being set to 0.0 in labels with no predicted samples. Use `zero_division` parameter to control this behavior.
  _warn_prf(average, modifier, f"{metric.capitalize()} is", result.shape[0])
/home/bioinfo202200130116/.local/lib/python3.10/site-packages/sklearn/metrics/_classification.py:1731: UndefinedMetricWarning: Precision is ill-defined and being set to 0.0 in labels with no predicted samples. Use `zero_division` parameter to control this behavior.
  _warn_prf(average, modifier, f"{metric.capitalize()} is", result.shape[0])
/home/bioinfo202200130116/.local/lib/python3.10/site-packages/sklearn/metrics/_classification.py:1731: UndefinedMetricWarning: Precision is ill-defined and being set to 0.0 in labels with no predicted samples. Use `zero_division` parameter to control this behavior.
  _warn_prf(average, modifier, f"{metric.capitalize()} is", result.shape[0])
/home/bioinfo202200130116/.local/lib/python3.10/site-packages/sklearn/metrics/_classification.py:1731: UndefinedMetricWarning: Precision is ill-defined and being set to 0.0 in labels with no predicted samples. Use `zero_division` parameter to control this behavior.
  _warn_prf(average, modifier, f"{metric.capitalize()} is", result.shape[0])
/home/bioinfo202200130116/.local/lib/python3.10/site-packages/sklearn/metrics/_classification.py:1731: UndefinedMetricWarning: Precision is ill-defined and being set to 0.0 in labels with no predicted samples. Use `zero_division` parameter to control this behavior.
  _warn_prf(average, modifier, f"{metric.capitalize()} is", result.shape[0])
/home/bioinfo202200130116/.local/lib/python3.10/site-packages/sklearn/metrics/_classification.py:1731: UndefinedMetricWarning: Precision is ill-defined and being set to 0.0 in labels with no predicted samples. Use `zero_division` parameter to control this behavior.
  _warn_prf(average, modifier, f"{metric.capitalize()} is", result.shape[0])
/home/bioinfo202200130116/.local/lib/python3.10/site-packages/sklearn/metrics/_classification.py:1731: UndefinedMetricWarning: Precision is ill-defined and being set to 0.0 in labels with no predicted samples. Use `zero_division` parameter to control this behavior.
  _warn_prf(average, modifier, f"{metric.capitalize()} is", result.shape[0])
/home/bioinfo202200130116/.local/lib/python3.10/site-packages/sklearn/metrics/_classification.py:1731: UndefinedMetricWarning: Precision is ill-defined and being set to 0.0 in labels with no predicted samples. Use `zero_division` parameter to control this behavior.
  _warn_prf(average, modifier, f"{metric.capitalize()} is", result.shape[0])
/home/bioinfo202200130116/.local/lib/python3.10/site-packages/sklearn/metrics/_classification.py:1731: UndefinedMetricWarning: Precision is ill-defined and being set to 0.0 in labels with no predicted samples. Use `zero_division` parameter to control this behavior.
  _warn_prf(average, modifier, f"{metric.capitalize()} is", result.shape[0])
/home/bioinfo202200130116/.local/lib/python3.10/site-packages/sklearn/metrics/_classification.py:1731: UndefinedMetricWarning: Precision is ill-defined and being set to 0.0 in labels with no predicted samples. Use `zero_division` parameter to control this behavior.
  _warn_prf(average, modifier, f"{metric.capitalize()} is", result.shape[0])
/home/bioinfo202200130116/.local/lib/python3.10/site-packages/sklearn/metrics/_classification.py:1731: UndefinedMetricWarning: Precision is ill-defined and being set to 0.0 in labels with no predicted samples. Use `zero_division` parameter to control this behavior.
  _warn_prf(average, modifier, f"{metric.capitalize()} is", result.shape[0])
/home/bioinfo202200130116/.local/lib/python3.10/site-packages/sklearn/metrics/_classification.py:1731: UndefinedMetricWarning: Precision is ill-defined and being set to 0.0 in labels with no predicted samples. Use `zero_division` parameter to control this behavior.
  _warn_prf(average, modifier, f"{metric.capitalize()} is", result.shape[0])
/home/bioinfo202200130116/.local/lib/python3.10/site-packages/sklearn/metrics/_classification.py:1731: UndefinedMetricWarning: Precision is ill-defined and being set to 0.0 in labels with no predicted samples. Use `zero_division` parameter to control this behavior.
  _warn_prf(average, modifier, f"{metric.capitalize()} is", result.shape[0])
/home/bioinfo202200130116/.local/lib/python3.10/site-packages/sklearn/metrics/_classification.py:1731: UndefinedMetricWarning: Precision is ill-defined and being set to 0.0 in labels with no predicted samples. Use `zero_division` parameter to control this behavior.
  _warn_prf(average, modifier, f"{metric.capitalize()} is", result.shape[0])
/home/bioinfo202200130116/.local/lib/python3.10/site-packages/sklearn/metrics/_classification.py:1731: UndefinedMetricWarning: Precision is ill-defined and being set to 0.0 in labels with no predicted samples. Use `zero_division` parameter to control this behavior.
  _warn_prf(average, modifier, f"{metric.capitalize()} is", result.shape[0])
/home/bioinfo202200130116/.local/lib/python3.10/site-packages/sklearn/metrics/_classification.py:1731: UndefinedMetricWarning: Precision is ill-defined and being set to 0.0 due to no predicted samples. Use `zero_division` parameter to control this behavior.
  _warn_prf(average, modifier, f"{metric.capitalize()} is", result.shape[0])
/home/bioinfo202200130116/.local/lib/python3.10/site-packages/sklearn/metrics/_classification.py:1731: UndefinedMetricWarning: Precision is ill-defined and being set to 0.0 in labels with no predicted samples. Use `zero_division` parameter to control this behavior.
  _warn_prf(average, modifier, f"{metric.capitalize()} is", result.shape[0])
/home/bioinfo202200130116/.local/lib/python3.10/site-packages/sklearn/metrics/_classification.py:1731: UndefinedMetricWarning: Precision is ill-defined and being set to 0.0 in labels with no predicted samples. Use `zero_division` parameter to control this behavior.
  _warn_prf(average, modifier, f"{metric.capitalize()} is", result.shape[0])
/home/bioinfo202200130116/.local/lib/python3.10/site-packages/sklearn/metrics/_classification.py:1731: UndefinedMetricWarning: Precision is ill-defined and being set to 0.0 in labels with no predicted samples. Use `zero_division` parameter to control this behavior.
  _warn_prf(average, modifier, f"{metric.capitalize()} is", result.shape[0])
/home/bioinfo202200130116/.local/lib/python3.10/site-packages/sklearn/metrics/_classification.py:1731: UndefinedMetricWarning: Precision is ill-defined and being set to 0.0 due to no predicted samples. Use `zero_division` parameter to control this behavior.
  _warn_prf(average, modifier, f"{metric.capitalize()} is", result.shape[0])
/home/bioinfo202200130116/.local/lib/python3.10/site-packages/sklearn/metrics/_classification.py:1731: UndefinedMetricWarning: Precision is ill-defined and being set to 0.0 in labels with no predicted samples. Use `zero_division` parameter to control this behavior.
  _warn_prf(average, modifier, f"{metric.capitalize()} is", result.shape[0])
/home/bioinfo202200130116/.local/lib/python3.10/site-packages/sklearn/metrics/_classification.py:1731: UndefinedMetricWarning: Precision is ill-defined and being set to 0.0 in labels with no predicted samples. Use `zero_division` parameter to control this behavior.
  _warn_prf(average, modifier, f"{metric.capitalize()} is", result.shape[0])
/home/bioinfo202200130116/.local/lib/python3.10/site-packages/sklearn/metrics/_classification.py:1731: UndefinedMetricWarning: Precision is ill-defined and being set to 0.0 in labels with no predicted samples. Use `zero_division` parameter to control this behavior.
  _warn_prf(average, modifier, f"{metric.capitalize()} is", result.shape[0])
/home/bioinfo202200130116/.local/lib/python3.10/site-packages/sklearn/metrics/_classification.py:1731: UndefinedMetricWarning: Precision is ill-defined and being set to 0.0 due to no predicted samples. Use `zero_division` parameter to control this behavior.
  _warn_prf(average, modifier, f"{metric.capitalize()} is", result.shape[0])
/home/bioinfo202200130116/.local/lib/python3.10/site-packages/sklearn/metrics/_classification.py:1731: UndefinedMetricWarning: Precision is ill-defined and being set to 0.0 in labels with no predicted samples. Use `zero_division` parameter to control this behavior.
  _warn_prf(average, modifier, f"{metric.capitalize()} is", result.shape[0])
/home/bioinfo202200130116/.local/lib/python3.10/site-packages/sklearn/metrics/_classification.py:1731: UndefinedMetricWarning: Precision is ill-defined and being set to 0.0 in labels with no predicted samples. Use `zero_division` parameter to control this behavior.
  _warn_prf(average, modifier, f"{metric.capitalize()} is", result.shape[0])
/home/bioinfo202200130116/.local/lib/python3.10/site-packages/sklearn/metrics/_classification.py:1731: UndefinedMetricWarning: Precision is ill-defined and being set to 0.0 in labels with no predicted samples. Use `zero_division` parameter to control this behavior.
  _warn_prf(average, modifier, f"{metric.capitalize()} is", result.shape[0])
/home/bioinfo202200130116/.local/lib/python3.10/site-packages/sklearn/metrics/_classification.py:1731: UndefinedMetricWarning: Precision is ill-defined and being set to 0.0 due to no predicted samples. Use `zero_division` parameter to control this behavior.
  _warn_prf(average, modifier, f"{metric.capitalize()} is", result.shape[0])
/home/bioinfo202200130116/.local/lib/python3.10/site-packages/sklearn/metrics/_classification.py:1731: UndefinedMetricWarning: Precision is ill-defined and being set to 0.0 in labels with no predicted samples. Use `zero_division` parameter to control this behavior.
  _warn_prf(average, modifier, f"{metric.capitalize()} is", result.shape[0])
/home/bioinfo202200130116/.local/lib/python3.10/site-packages/sklearn/metrics/_classification.py:1731: UndefinedMetricWarning: Precision is ill-defined and being set to 0.0 in labels with no predicted samples. Use `zero_division` parameter to control this behavior.
  _warn_prf(average, modifier, f"{metric.capitalize()} is", result.shape[0])
/home/bioinfo202200130116/.local/lib/python3.10/site-packages/sklearn/metrics/_classification.py:1731: UndefinedMetricWarning: Precision is ill-defined and being set to 0.0 in labels with no predicted samples. Use `zero_division` parameter to control this behavior.
  _warn_prf(average, modifier, f"{metric.capitalize()} is", result.shape[0])
/home/bioinfo202200130116/.local/lib/python3.10/site-packages/sklearn/metrics/_classification.py:1731: UndefinedMetricWarning: Precision is ill-defined and being set to 0.0 due to no predicted samples. Use `zero_division` parameter to control this behavior.
  _warn_prf(average, modifier, f"{metric.capitalize()} is", result.shape[0])
/home/bioinfo202200130116/.local/lib/python3.10/site-packages/sklearn/metrics/_classification.py:1731: UndefinedMetricWarning: Precision is ill-defined and being set to 0.0 in labels with no predicted samples. Use `zero_division` parameter to control this behavior.
  _warn_prf(average, modifier, f"{metric.capitalize()} is", result.shape[0])
/home/bioinfo202200130116/.local/lib/python3.10/site-packages/sklearn/metrics/_classification.py:1731: UndefinedMetricWarning: Precision is ill-defined and being set to 0.0 in labels with no predicted samples. Use `zero_division` parameter to control this behavior.
  _warn_prf(average, modifier, f"{metric.capitalize()} is", result.shape[0])
/home/bioinfo202200130116/.local/lib/python3.10/site-packages/sklearn/metrics/_classification.py:1731: UndefinedMetricWarning: Precision is ill-defined and being set to 0.0 in labels with no predicted samples. Use `zero_division` parameter to control this behavior.
  _warn_prf(average, modifier, f"{metric.capitalize()} is", result.shape[0])
/home/bioinfo202200130116/.local/lib/python3.10/site-packages/sklearn/metrics/_classification.py:1731: UndefinedMetricWarning: Precision is ill-defined and being set to 0.0 due to no predicted samples. Use `zero_division` parameter to control this behavior.
  _warn_prf(average, modifier, f"{metric.capitalize()} is", result.shape[0])
/home/bioinfo202200130116/.local/lib/python3.10/site-packages/sklearn/metrics/_classification.py:1731: UndefinedMetricWarning: Precision is ill-defined and being set to 0.0 in labels with no predicted samples. Use `zero_division` parameter to control this behavior.
  _warn_prf(average, modifier, f"{metric.capitalize()} is", result.shape[0])
/home/bioinfo202200130116/.local/lib/python3.10/site-packages/sklearn/metrics/_classification.py:1731: UndefinedMetricWarning: Precision is ill-defined and being set to 0.0 in labels with no predicted samples. Use `zero_division` parameter to control this behavior.
  _warn_prf(average, modifier, f"{metric.capitalize()} is", result.shape[0])
/home/bioinfo202200130116/.local/lib/python3.10/site-packages/sklearn/metrics/_classification.py:1731: UndefinedMetricWarning: Precision is ill-defined and being set to 0.0 in labels with no predicted samples. Use `zero_division` parameter to control this behavior.
  _warn_prf(average, modifier, f"{metric.capitalize()} is", result.shape[0])
/home/bioinfo202200130116/.local/lib/python3.10/site-packages/sklearn/metrics/_classification.py:1731: UndefinedMetricWarning: Precision is ill-defined and being set to 0.0 in labels with no predicted samples. Use `zero_division` parameter to control this behavior.
  _warn_prf(average, modifier, f"{metric.capitalize()} is", result.shape[0])
/home/bioinfo202200130116/.local/lib/python3.10/site-packages/sklearn/metrics/_classification.py:1731: UndefinedMetricWarning: Precision is ill-defined and being set to 0.0 in labels with no predicted samples. Use `zero_division` parameter to control this behavior.
  _warn_prf(average, modifier, f"{metric.capitalize()} is", result.shape[0])
/home/bioinfo202200130116/.local/lib/python3.10/site-packages/sklearn/metrics/_classification.py:1731: UndefinedMetricWarning: Precision is ill-defined and being set to 0.0 in labels with no predicted samples. Use `zero_division` parameter to control this behavior.
  _warn_prf(average, modifier, f"{metric.capitalize()} is", result.shape[0])
/home/bioinfo202200130116/.local/lib/python3.10/site-packages/sklearn/metrics/_classification.py:1731: UndefinedMetricWarning: Precision is ill-defined and being set to 0.0 in labels with no predicted samples. Use `zero_division` parameter to control this behavior.
  _warn_prf(average, modifier, f"{metric.capitalize()} is", result.shape[0])
/home/bioinfo202200130116/.local/lib/python3.10/site-packages/sklearn/metrics/_classification.py:1731: UndefinedMetricWarning: Precision is ill-defined and being set to 0.0 in labels with no predicted samples. Use `zero_division` parameter to control this behavior.
  _warn_prf(average, modifier, f"{metric.capitalize()} is", result.shape[0])
/home/bioinfo202200130116/.local/lib/python3.10/site-packages/sklearn/metrics/_classification.py:1731: UndefinedMetricWarning: Precision is ill-defined and being set to 0.0 in labels with no predicted samples. Use `zero_division` parameter to control this behavior.
  _warn_prf(average, modifier, f"{metric.capitalize()} is", result.shape[0])
gpu: cuda:4

============================================================
模型配置:
  GNN类型: gin
  使用KAN: True
  KAN类型: fourier
============================================================

Initialized KAN-enhanced GNN (fourier): gin, 5 layers, emb_dim=100
Dropout(p=0.3, inplace=False) Dropout(p=0.3, inplace=False)

=====Epoch 0/100=====
Training...
Evaluating...
Epoch 0: Train AUPR=0.1371, Valid AUPR=0.1329, Test AUPR=0.1366

=====Epoch 1/100=====
Training...
Evaluating...
Epoch 1: Train AUPR=0.1545, Valid AUPR=0.1550, Test AUPR=0.1584

=====Epoch 2/100=====
Training...
Evaluating...
Epoch 2: Train AUPR=0.1318, Valid AUPR=0.1342, Test AUPR=0.1300

=====Epoch 3/100=====
Training...
Evaluating...
Epoch 3: Train AUPR=0.1440, Valid AUPR=0.1461, Test AUPR=0.1472

=====Epoch 4/100=====
Training...
Evaluating...
Epoch 4: Train AUPR=0.5624, Valid AUPR=0.5625, Test AUPR=0.5628

=====Epoch 5/100=====
Training...
Evaluating...
Epoch 5: Train AUPR=0.5741, Valid AUPR=0.5741, Test AUPR=0.5741

=====Epoch 6/100=====
Training...
Evaluating...
Epoch 6: Train AUPR=0.5743, Valid AUPR=0.5742, Test AUPR=0.5746

=====Epoch 7/100=====
Training...
Evaluating...
Epoch 7: Train AUPR=0.1014, Valid AUPR=0.1052, Test AUPR=0.1028

=====Epoch 8/100=====
Training...
Evaluating...
Epoch 8: Train AUPR=0.5744, Valid AUPR=0.5743, Test AUPR=0.5747

=====Epoch 9/100=====
Training...
Evaluating...
Epoch 9: Train AUPR=0.5719, Valid AUPR=0.5712, Test AUPR=0.5724

=====Epoch 10/100=====
Training...
Evaluating...
Epoch 10: Train AUPR=0.5733, Valid AUPR=0.5729, Test AUPR=0.5734

=====Epoch 11/100=====
Training...
Evaluating...
Epoch 11: Train AUPR=0.5733, Valid AUPR=0.5734, Test AUPR=0.5737

=====Epoch 12/100=====
Training...
Evaluating...
Epoch 12: Train AUPR=0.5695, Valid AUPR=0.5677, Test AUPR=0.5701

=====Epoch 13/100=====
Training...
Evaluating...
Epoch 13: Train AUPR=0.1429, Valid AUPR=0.1415, Test AUPR=0.1441

=====Epoch 14/100=====
Training...
Evaluating...
Epoch 14: Train AUPR=0.5691, Valid AUPR=0.5682, Test AUPR=0.5704

=====Epoch 15/100=====
Training...
Evaluating...
Epoch 15: Train AUPR=0.5367, Valid AUPR=0.5317, Test AUPR=0.5415

=====Epoch 16/100=====
Training...
Evaluating...
Epoch 16: Train AUPR=0.4589, Valid AUPR=0.4502, Test AUPR=0.4597

=====Epoch 17/100=====
Training...
Evaluating...
Epoch 17: Train AUPR=0.5421, Valid AUPR=0.5389, Test AUPR=0.5433

=====Epoch 18/100=====
Training...
Evaluating...
Epoch 18: Train AUPR=0.4779, Valid AUPR=0.4779, Test AUPR=0.4828

=====Epoch 19/100=====
Training...
Evaluating...
Epoch 19: Train AUPR=0.4520, Valid AUPR=0.4458, Test AUPR=0.4532

=====Epoch 20/100=====
Training...
Evaluating...
Epoch 20: Train AUPR=0.5556, Valid AUPR=0.5512, Test AUPR=0.5539

=====Epoch 21/100=====
Training...
Evaluating...
Epoch 21: Train AUPR=0.1413, Valid AUPR=0.1494, Test AUPR=0.1414

=====Epoch 22/100=====
Training...
Evaluating...
Epoch 22: Train AUPR=0.5051, Valid AUPR=0.4981, Test AUPR=0.5082

=====Epoch 23/100=====
Training...
Evaluating...
Epoch 23: Train AUPR=0.5357, Valid AUPR=0.5312, Test AUPR=0.5355

=====Epoch 24/100=====
Training...
Evaluating...
Epoch 24: Train AUPR=0.5656, Valid AUPR=0.5611, Test AUPR=0.5684

=====Epoch 25/100=====
Training...
Evaluating...
Epoch 25: Train AUPR=0.5538, Valid AUPR=0.5515, Test AUPR=0.5553

=====Epoch 26/100=====
Training...
Evaluating...
Epoch 26: Train AUPR=0.4426, Valid AUPR=0.4335, Test AUPR=0.4439

=====Epoch 27/100=====
Training...
Evaluating...
Epoch 27: Train AUPR=0.2478, Valid AUPR=0.2404, Test AUPR=0.2490

=====Epoch 28/100=====
Training...
Evaluating...
Epoch 28: Train AUPR=0.2766, Valid AUPR=0.2668, Test AUPR=0.2773

=====Epoch 29/100=====
Training...
Evaluating...
Epoch 29: Train AUPR=0.3568, Valid AUPR=0.3517, Test AUPR=0.3544

=====Epoch 30/100=====
Training...
Evaluating...
Epoch 30: Train AUPR=0.2438, Valid AUPR=0.2376, Test AUPR=0.2464

=====Epoch 31/100=====
Training...
Evaluating...
Epoch 31: Train AUPR=0.1870, Valid AUPR=0.1785, Test AUPR=0.1830

=====Epoch 32/100=====
Training...
Evaluating...
Epoch 32: Train AUPR=0.3066, Valid AUPR=0.2952, Test AUPR=0.3020

=====Epoch 33/100=====
Training...
Evaluating...
Epoch 33: Train AUPR=0.2773, Valid AUPR=0.2688, Test AUPR=0.2736

=====Epoch 34/100=====
Training...
Evaluating...
Epoch 34: Train AUPR=0.3367, Valid AUPR=0.3307, Test AUPR=0.3338

=====Epoch 35/100=====
Training...
Evaluating...
Epoch 35: Train AUPR=0.1834, Valid AUPR=0.1793, Test AUPR=0.1809

=====Epoch 36/100=====
Training...
Evaluating...
Epoch 36: Train AUPR=0.2043, Valid AUPR=0.1950, Test AUPR=0.2004

=====Epoch 37/100=====
Training...
Evaluating...
Epoch 37: Train AUPR=0.4462, Valid AUPR=0.4399, Test AUPR=0.4502

=====Epoch 38/100=====
Training...
Evaluating...
Epoch 38: Train AUPR=0.1954, Valid AUPR=0.1869, Test AUPR=0.1948

=====Epoch 39/100=====
Training...
Evaluating...
Epoch 39: Train AUPR=0.2050, Valid AUPR=0.1992, Test AUPR=0.1991

=====Epoch 40/100=====
Training...
Evaluating...
Epoch 40: Train AUPR=0.2200, Valid AUPR=0.2153, Test AUPR=0.2184

=====Epoch 41/100=====
Training...
Evaluating...
Epoch 41: Train AUPR=0.2305, Valid AUPR=0.2250, Test AUPR=0.2293

=====Epoch 42/100=====
Training...
Evaluating...
Epoch 42: Train AUPR=0.3438, Valid AUPR=0.3267, Test AUPR=0.3414

=====Epoch 43/100=====
Training...
Evaluating...
Epoch 43: Train AUPR=0.2405, Valid AUPR=0.2298, Test AUPR=0.2386

=====Epoch 44/100=====
Training...
Evaluating...
Epoch 44: Train AUPR=0.3128, Valid AUPR=0.3011, Test AUPR=0.3095

=====Epoch 45/100=====
Training...
Evaluating...
Epoch 45: Train AUPR=0.3226, Valid AUPR=0.3106, Test AUPR=0.3194

=====Epoch 46/100=====
Training...
Evaluating...
Epoch 46: Train AUPR=0.2470, Valid AUPR=0.2337, Test AUPR=0.2454

=====Epoch 47/100=====
Training...
Evaluating...
Epoch 47: Train AUPR=0.2606, Valid AUPR=0.2537, Test AUPR=0.2607

=====Epoch 48/100=====
Training...
Evaluating...
Epoch 48: Train AUPR=0.1965, Valid AUPR=0.1901, Test AUPR=0.1932

=====Epoch 49/100=====
Training...
Evaluating...
Epoch 49: Train AUPR=0.2138, Valid AUPR=0.2061, Test AUPR=0.2115

=====Epoch 50/100=====
Training...
Evaluating...
Epoch 50: Train AUPR=0.2206, Valid AUPR=0.2154, Test AUPR=0.2189

=====Epoch 51/100=====
Training...
Evaluating...
Epoch 51: Train AUPR=0.2448, Valid AUPR=0.2380, Test AUPR=0.2422

=====Epoch 52/100=====
Training...
Evaluating...
Epoch 52: Train AUPR=0.2328, Valid AUPR=0.2288, Test AUPR=0.2326

=====Epoch 53/100=====
Training...
Evaluating...
Epoch 53: Train AUPR=0.2630, Valid AUPR=0.2587, Test AUPR=0.2627

=====Epoch 54/100=====
Training...
Evaluating...
Epoch 54: Train AUPR=0.3234, Valid AUPR=0.3134, Test AUPR=0.3238

=====Epoch 55/100=====
Training...
Evaluating...
Epoch 55: Train AUPR=0.2480, Valid AUPR=0.2363, Test AUPR=0.2462

=====Epoch 56/100=====
Training...
Evaluating...
Epoch 56: Train AUPR=0.3127, Valid AUPR=0.2996, Test AUPR=0.3106

=====Epoch 57/100=====
Training...
Evaluating...
Epoch 57: Train AUPR=0.2764, Valid AUPR=0.2668, Test AUPR=0.2744

=====Epoch 58/100=====
Training...
Evaluating...
Epoch 58: Train AUPR=0.2254, Valid AUPR=0.2170, Test AUPR=0.2228

=====Epoch 59/100=====
Training...
Evaluating...
Epoch 59: Train AUPR=0.2259, Valid AUPR=0.2194, Test AUPR=0.2250

=====Epoch 60/100=====
Training...
Evaluating...
Epoch 60: Train AUPR=0.3183, Valid AUPR=0.3107, Test AUPR=0.3206

=====Epoch 61/100=====
Training...
Evaluating...
Epoch 61: Train AUPR=0.1865, Valid AUPR=0.1821, Test AUPR=0.1854

=====Epoch 62/100=====
Training...
Evaluating...
Epoch 62: Train AUPR=0.1979, Valid AUPR=0.1957, Test AUPR=0.1958

=====Epoch 63/100=====
Training...
Evaluating...
Epoch 63: Train AUPR=0.2776, Valid AUPR=0.2662, Test AUPR=0.2739

=====Epoch 64/100=====
Training...
Evaluating...
Epoch 64: Train AUPR=0.5524, Valid AUPR=0.5498, Test AUPR=0.5523

=====Epoch 65/100=====
Training...
Evaluating...
Epoch 65: Train AUPR=0.1954, Valid AUPR=0.1880, Test AUPR=0.1945

=====Epoch 66/100=====
Training...
Evaluating...
Epoch 66: Train AUPR=0.1991, Valid AUPR=0.1966, Test AUPR=0.1978

=====Epoch 67/100=====
Training...
Evaluating...
Epoch 67: Train AUPR=0.3103, Valid AUPR=0.2964, Test AUPR=0.3086

=====Epoch 68/100=====
Training...
Evaluating...
gpu: cuda:5

============================================================
模型配置:
  GNN类型: gcn
  使用KAN: True
  KAN类型: fourier
============================================================

Initialized KAN-enhanced GNN (fourier): gcn, 5 layers, emb_dim=100
Dropout(p=0.3, inplace=False) Dropout(p=0.3, inplace=False)

=====Epoch 0/100=====
Training...
Evaluating...
Epoch 0: Train AUPR=0.1245, Valid AUPR=0.1257, Test AUPR=0.1243

=====Epoch 1/100=====
Training...
Evaluating...
Epoch 1: Train AUPR=0.1928, Valid AUPR=0.1891, Test AUPR=0.1943

=====Epoch 2/100=====
Training...
Evaluating...
Epoch 2: Train AUPR=0.0983, Valid AUPR=0.0951, Test AUPR=0.0982

=====Epoch 3/100=====
Training...
Evaluating...
Epoch 3: Train AUPR=0.0998, Valid AUPR=0.1080, Test AUPR=0.1018

=====Epoch 4/100=====
Training...
Evaluating...
Epoch 4: Train AUPR=0.2062, Valid AUPR=0.2031, Test AUPR=0.2040

=====Epoch 5/100=====
Training...
Evaluating...
Epoch 5: Train AUPR=0.1886, Valid AUPR=0.1877, Test AUPR=0.1872

=====Epoch 6/100=====
Training...
Evaluating...
Epoch 6: Train AUPR=0.3715, Valid AUPR=0.3690, Test AUPR=0.3693

=====Epoch 7/100=====
Training...
Evaluating...
Epoch 7: Train AUPR=0.2026, Valid AUPR=0.1977, Test AUPR=0.2025

=====Epoch 8/100=====
Training...
Evaluating...
Epoch 8: Train AUPR=0.4818, Valid AUPR=0.4811, Test AUPR=0.4859

=====Epoch 9/100=====
Training...
Evaluating...
Epoch 9: Train AUPR=0.5597, Valid AUPR=0.5610, Test AUPR=0.5605

=====Epoch 10/100=====
Training...
Evaluating...
Epoch 10: Train AUPR=0.4669, Valid AUPR=0.4654, Test AUPR=0.4692

=====Epoch 11/100=====
Training...
Evaluating...
Epoch 11: Train AUPR=0.4864, Valid AUPR=0.4879, Test AUPR=0.4853

=====Epoch 12/100=====
Training...
Evaluating...
Epoch 12: Train AUPR=0.5050, Valid AUPR=0.5026, Test AUPR=0.5056

=====Epoch 13/100=====
Training...
Evaluating...
Epoch 13: Train AUPR=0.5297, Valid AUPR=0.5263, Test AUPR=0.5323

=====Epoch 14/100=====
Training...
Evaluating...
Epoch 14: Train AUPR=0.1702, Valid AUPR=0.1706, Test AUPR=0.1737

=====Epoch 15/100=====
Training...
Evaluating...
Epoch 15: Train AUPR=0.5318, Valid AUPR=0.5301, Test AUPR=0.5342

=====Epoch 16/100=====
Training...
Evaluating...
Epoch 16: Train AUPR=0.4721, Valid AUPR=0.4731, Test AUPR=0.4706

=====Epoch 17/100=====
Training...
Evaluating...
Epoch 17: Train AUPR=0.4684, Valid AUPR=0.4668, Test AUPR=0.4706

=====Epoch 18/100=====
Training...
Evaluating...
Epoch 18: Train AUPR=0.5302, Valid AUPR=0.5286, Test AUPR=0.5327

=====Epoch 19/100=====
Training...
Evaluating...
Epoch 19: Train AUPR=0.4968, Valid AUPR=0.4969, Test AUPR=0.4986

=====Epoch 20/100=====
Training...
Evaluating...
Epoch 20: Train AUPR=0.5211, Valid AUPR=0.5222, Test AUPR=0.5258

=====Epoch 21/100=====
Training...
Evaluating...
Epoch 21: Train AUPR=0.4971, Valid AUPR=0.4958, Test AUPR=0.5002

=====Epoch 22/100=====
Training...
Evaluating...
Epoch 22: Train AUPR=0.5134, Valid AUPR=0.5134, Test AUPR=0.5178

=====Epoch 23/100=====
Training...
Evaluating...
Epoch 23: Train AUPR=0.5168, Valid AUPR=0.5199, Test AUPR=0.5222

=====Epoch 24/100=====
Training...
Evaluating...
Epoch 24: Train AUPR=0.1605, Valid AUPR=0.1593, Test AUPR=0.1602

=====Epoch 25/100=====
Training...
Evaluating...
Epoch 25: Train AUPR=0.1655, Valid AUPR=0.1648, Test AUPR=0.1617

=====Epoch 26/100=====
Training...
Evaluating...
Epoch 26: Train AUPR=0.5042, Valid AUPR=0.5038, Test AUPR=0.5071

=====Epoch 27/100=====
Training...
Evaluating...
Epoch 27: Train AUPR=0.5051, Valid AUPR=0.5072, Test AUPR=0.5082

=====Epoch 28/100=====
Training...
Evaluating...
Epoch 28: Train AUPR=0.5200, Valid AUPR=0.5175, Test AUPR=0.5240

=====Epoch 29/100=====
Training...
Evaluating...
Epoch 29: Train AUPR=0.5367, Valid AUPR=0.5365, Test AUPR=0.5398

=====Epoch 30/100=====
Training...
Evaluating...
Epoch 30: Train AUPR=0.5040, Valid AUPR=0.5049, Test AUPR=0.5064

=====Epoch 31/100=====
Training...
Evaluating...
Epoch 31: Train AUPR=0.5217, Valid AUPR=0.5217, Test AUPR=0.5259

=====Epoch 32/100=====
Training...
Evaluating...
Epoch 32: Train AUPR=0.5314, Valid AUPR=0.5341, Test AUPR=0.5346

=====Epoch 33/100=====
Training...
Evaluating...
Epoch 33: Train AUPR=0.4486, Valid AUPR=0.4445, Test AUPR=0.4526

=====Epoch 34/100=====
Training...
Evaluating...
Epoch 34: Train AUPR=0.1359, Valid AUPR=0.1364, Test AUPR=0.1257

=====Epoch 35/100=====
Training...
Evaluating...
Epoch 35: Train AUPR=0.4806, Valid AUPR=0.4790, Test AUPR=0.4830

=====Epoch 36/100=====
Training...
Evaluating...
Epoch 36: Train AUPR=0.4413, Valid AUPR=0.4328, Test AUPR=0.4430

=====Epoch 37/100=====
Training...
Evaluating...
Epoch 37: Train AUPR=0.4963, Valid AUPR=0.4950, Test AUPR=0.5020

=====Epoch 38/100=====
Training...
Evaluating...
Epoch 38: Train AUPR=0.5054, Valid AUPR=0.5060, Test AUPR=0.5070

=====Epoch 39/100=====
Training...
Evaluating...
Epoch 39: Train AUPR=0.5298, Valid AUPR=0.5304, Test AUPR=0.5330

=====Epoch 40/100=====
Training...
Evaluating...
Epoch 40: Train AUPR=0.5401, Valid AUPR=0.5410, Test AUPR=0.5431

=====Epoch 41/100=====
Training...
Evaluating...
Epoch 41: Train AUPR=0.5341, Valid AUPR=0.5335, Test AUPR=0.5377

=====Epoch 42/100=====
Training...
Evaluating...
Epoch 42: Train AUPR=0.4963, Valid AUPR=0.4960, Test AUPR=0.5002

=====Epoch 43/100=====
Training...
Evaluating...
Epoch 43: Train AUPR=0.5294, Valid AUPR=0.5323, Test AUPR=0.5339

=====Epoch 44/100=====
Training...
Evaluating...
Epoch 44: Train AUPR=0.3551, Valid AUPR=0.3515, Test AUPR=0.3576

=====Epoch 45/100=====
Training...
Evaluating...
Epoch 45: Train AUPR=0.5185, Valid AUPR=0.5189, Test AUPR=0.5224

=====Epoch 46/100=====
Training...
Evaluating...
Epoch 46: Train AUPR=0.5001, Valid AUPR=0.4992, Test AUPR=0.5009

=====Epoch 47/100=====
Training...
Evaluating...
Epoch 47: Train AUPR=0.4980, Valid AUPR=0.4997, Test AUPR=0.4997

=====Epoch 48/100=====
Training...
Evaluating...
Epoch 48: Train AUPR=0.4963, Valid AUPR=0.4968, Test AUPR=0.4968

=====Epoch 49/100=====
Training...
Evaluating...
Epoch 49: Train AUPR=0.5382, Valid AUPR=0.5396, Test AUPR=0.5413

=====Epoch 50/100=====
Training...
Evaluating...
Epoch 50: Train AUPR=0.5093, Valid AUPR=0.5085, Test AUPR=0.5133

=====Epoch 51/100=====
Training...
Evaluating...
Epoch 51: Train AUPR=0.5393, Valid AUPR=0.5405, Test AUPR=0.5424

=====Epoch 52/100=====
Training...
Evaluating...
Epoch 52: Train AUPR=0.5537, Valid AUPR=0.5563, Test AUPR=0.5580

=====Epoch 53/100=====
Training...
Evaluating...
Epoch 53: Train AUPR=0.5309, Valid AUPR=0.5336, Test AUPR=0.5353

=====Epoch 54/100=====
Training...
Evaluating...
Epoch 54: Train AUPR=0.5438, Valid AUPR=0.5435, Test AUPR=0.5464

=====Epoch 55/100=====
Training...
Evaluating...
Epoch 55: Train AUPR=0.5511, Valid AUPR=0.5507, Test AUPR=0.5540

=====Epoch 56/100=====
Training...
Evaluating...
Epoch 56: Train AUPR=0.5428, Valid AUPR=0.5450, Test AUPR=0.5469

=====Epoch 57/100=====
Training...
Evaluating...
Epoch 57: Train AUPR=0.5415, Valid AUPR=0.5411, Test AUPR=0.5451

=====Epoch 58/100=====
Training...
Evaluating...
Epoch 58: Train AUPR=0.5453, Valid AUPR=0.5462, Test AUPR=0.5484

=====Epoch 59/100=====
Training...
Evaluating...
Epoch 59: Train AUPR=0.5626, Valid AUPR=0.5632, Test AUPR=0.5654

=====Epoch 60/100=====
Training...
Evaluating...
Epoch 60: Train AUPR=0.5298, Valid AUPR=0.5311, Test AUPR=0.5331

=====Epoch 61/100=====
Training...
Evaluating...
Epoch 61: Train AUPR=0.5588, Valid AUPR=0.5572, Test AUPR=0.5615

=====Epoch 62/100=====
Training...
Evaluating...
Epoch 62: Train AUPR=0.5249, Valid AUPR=0.5269, Test AUPR=0.5295

=====Epoch 63/100=====
Training...
Evaluating...
Epoch 63: Train AUPR=0.4980, Valid AUPR=0.4976, Test AUPR=0.5017

=====Epoch 64/100=====
Training...
Evaluating...
Epoch 64: Train AUPR=0.4433, Valid AUPR=0.4400, Test AUPR=0.4483

=====Epoch 65/100=====
Training...
Evaluating...
Epoch 65: Train AUPR=0.5355, Valid AUPR=0.5352, Test AUPR=0.5399

=====Epoch 66/100=====
Training...
Evaluating...
Epoch 66: Train AUPR=0.4789, Valid AUPR=0.4794, Test AUPR=0.4829

=====Epoch 67/100=====
Training...
Evaluating...
Epoch 67: Train AUPR=0.5438, Valid AUPR=0.5443, Test AUPR=0.5470

=====Epoch 68/100=====
Training...
Evaluating...
gpu: cuda:6

============================================================
模型配置:
  GNN类型: gatv2
  使用KAN: True
  KAN类型: fourier
============================================================

Initialized KAN-enhanced GNN (fourier): gatv2, 5 layers, emb_dim=100
Dropout(p=0.3, inplace=False) Dropout(p=0.3, inplace=False)

=====Epoch 0/100=====
Training...
Evaluating...
Epoch 0: Train AUPR=0.2768, Valid AUPR=0.2601, Test AUPR=0.2733

=====Epoch 1/100=====
Training...
Evaluating...
Epoch 1: Train AUPR=0.2971, Valid AUPR=0.2770, Test AUPR=0.2924

=====Epoch 2/100=====
Training...
Evaluating...
Epoch 2: Train AUPR=0.3080, Valid AUPR=0.2936, Test AUPR=0.3027

=====Epoch 3/100=====
Training...
Evaluating...
Epoch 3: Train AUPR=0.3019, Valid AUPR=0.2916, Test AUPR=0.2969

=====Epoch 4/100=====
Training...
Evaluating...
Epoch 4: Train AUPR=0.3229, Valid AUPR=0.3043, Test AUPR=0.3156

=====Epoch 5/100=====
Training...
Evaluating...
Epoch 5: Train AUPR=0.3331, Valid AUPR=0.3153, Test AUPR=0.3240

=====Epoch 6/100=====
Training...
Evaluating...
Epoch 6: Train AUPR=0.3405, Valid AUPR=0.3189, Test AUPR=0.3336

=====Epoch 7/100=====
Training...
Evaluating...
Epoch 7: Train AUPR=0.3567, Valid AUPR=0.3394, Test AUPR=0.3504

=====Epoch 8/100=====
Training...
Evaluating...
Epoch 8: Train AUPR=0.3641, Valid AUPR=0.3477, Test AUPR=0.3560

=====Epoch 9/100=====
Training...
Evaluating...
Epoch 9: Train AUPR=0.3752, Valid AUPR=0.3574, Test AUPR=0.3682

=====Epoch 10/100=====
Training...
Evaluating...
Epoch 10: Train AUPR=0.3694, Valid AUPR=0.3562, Test AUPR=0.3605

=====Epoch 11/100=====
Training...
Evaluating...
Epoch 11: Train AUPR=0.3772, Valid AUPR=0.3650, Test AUPR=0.3712

=====Epoch 12/100=====
Training...
Evaluating...
Epoch 12: Train AUPR=0.3821, Valid AUPR=0.3620, Test AUPR=0.3718

=====Epoch 13/100=====
Training...
Evaluating...
Epoch 13: Train AUPR=0.3793, Valid AUPR=0.3669, Test AUPR=0.3717

=====Epoch 14/100=====
Training...
Evaluating...
Epoch 14: Train AUPR=0.3771, Valid AUPR=0.3583, Test AUPR=0.3682

=====Epoch 15/100=====
Training...
Evaluating...
Epoch 15: Train AUPR=0.3871, Valid AUPR=0.3646, Test AUPR=0.3784

=====Epoch 16/100=====
Training...
Evaluating...
Epoch 16: Train AUPR=0.3974, Valid AUPR=0.3777, Test AUPR=0.3903

=====Epoch 17/100=====
Training...
Evaluating...
Epoch 17: Train AUPR=0.4021, Valid AUPR=0.3822, Test AUPR=0.3938

=====Epoch 18/100=====
Training...
Evaluating...
Epoch 18: Train AUPR=0.3995, Valid AUPR=0.3825, Test AUPR=0.3896

=====Epoch 19/100=====
Training...
Evaluating...
Epoch 19: Train AUPR=0.4036, Valid AUPR=0.3850, Test AUPR=0.3940

=====Epoch 20/100=====
Training...
Evaluating...
Epoch 20: Train AUPR=0.4115, Valid AUPR=0.3953, Test AUPR=0.4046

=====Epoch 21/100=====
Training...
Evaluating...
Epoch 21: Train AUPR=0.4124, Valid AUPR=0.3975, Test AUPR=0.4058

=====Epoch 22/100=====
Training...
Evaluating...
Epoch 22: Train AUPR=0.4091, Valid AUPR=0.3963, Test AUPR=0.4045

=====Epoch 23/100=====
Training...
Evaluating...
Epoch 23: Train AUPR=0.4188, Valid AUPR=0.4107, Test AUPR=0.4163

=====Epoch 24/100=====
Training...
Evaluating...
Epoch 24: Train AUPR=0.4105, Valid AUPR=0.3902, Test AUPR=0.4027

=====Epoch 25/100=====
Training...
Evaluating...
Epoch 25: Train AUPR=0.4141, Valid AUPR=0.3989, Test AUPR=0.4071

=====Epoch 26/100=====
Training...
Evaluating...
Epoch 26: Train AUPR=0.4171, Valid AUPR=0.4052, Test AUPR=0.4087

=====Epoch 27/100=====
Training...
Evaluating...
Epoch 27: Train AUPR=0.4190, Valid AUPR=0.4066, Test AUPR=0.4139

=====Epoch 28/100=====
Training...
Evaluating...
Epoch 28: Train AUPR=0.4216, Valid AUPR=0.4048, Test AUPR=0.4173

=====Epoch 29/100=====
Training...
Evaluating...
Epoch 29: Train AUPR=0.4203, Valid AUPR=0.4100, Test AUPR=0.4180

=====Epoch 30/100=====
Training...
Evaluating...
Epoch 30: Train AUPR=0.4287, Valid AUPR=0.4135, Test AUPR=0.4240

=====Epoch 31/100=====
Training...
Evaluating...
Epoch 31: Train AUPR=0.4262, Valid AUPR=0.4166, Test AUPR=0.4229

=====Epoch 32/100=====
Training...
Evaluating...
Epoch 32: Train AUPR=0.4211, Valid AUPR=0.4060, Test AUPR=0.4161

=====Epoch 33/100=====
Training...
Evaluating...
Epoch 33: Train AUPR=0.4270, Valid AUPR=0.4136, Test AUPR=0.4225

=====Epoch 34/100=====
Training...
Evaluating...
Epoch 34: Train AUPR=0.4264, Valid AUPR=0.4173, Test AUPR=0.4218

=====Epoch 35/100=====
Training...
Evaluating...
Epoch 35: Train AUPR=0.4228, Valid AUPR=0.4087, Test AUPR=0.4204

=====Epoch 36/100=====
Training...
Evaluating...
Epoch 36: Train AUPR=0.4297, Valid AUPR=0.4187, Test AUPR=0.4230

=====Epoch 37/100=====
Training...
Evaluating...
Epoch 37: Train AUPR=0.4380, Valid AUPR=0.4260, Test AUPR=0.4359

=====Epoch 38/100=====
Training...
Evaluating...
Epoch 38: Train AUPR=0.4414, Valid AUPR=0.4342, Test AUPR=0.4375

=====Epoch 39/100=====
Training...
Evaluating...
Epoch 39: Train AUPR=0.4402, Valid AUPR=0.4291, Test AUPR=0.4392

=====Epoch 40/100=====
Training...
Evaluating...
Epoch 40: Train AUPR=0.4377, Valid AUPR=0.4256, Test AUPR=0.4356

=====Epoch 41/100=====
Training...
Evaluating...
Epoch 41: Train AUPR=0.4403, Valid AUPR=0.4267, Test AUPR=0.4361

=====Epoch 42/100=====
Training...
Evaluating...
Epoch 42: Train AUPR=0.4416, Valid AUPR=0.4287, Test AUPR=0.4407

=====Epoch 43/100=====
Training...
Evaluating...
Epoch 43: Train AUPR=0.4436, Valid AUPR=0.4258, Test AUPR=0.4420

=====Epoch 44/100=====
Training...
Evaluating...
Epoch 44: Train AUPR=0.4277, Valid AUPR=0.4120, Test AUPR=0.4221

=====Epoch 45/100=====
Training...
Evaluating...
Epoch 45: Train AUPR=0.4410, Valid AUPR=0.4312, Test AUPR=0.4372

=====Epoch 46/100=====
Training...
Evaluating...
Epoch 46: Train AUPR=0.4433, Valid AUPR=0.4294, Test AUPR=0.4380

=====Epoch 47/100=====
Training...
Evaluating...
Epoch 47: Train AUPR=0.4465, Valid AUPR=0.4326, Test AUPR=0.4435

=====Epoch 48/100=====
Training...
Evaluating...
Epoch 48: Train AUPR=0.4484, Valid AUPR=0.4380, Test AUPR=0.4452

=====Epoch 49/100=====
Training...
Evaluating...
Epoch 49: Train AUPR=0.4531, Valid AUPR=0.4410, Test AUPR=0.4495

=====Epoch 50/100=====
Training...
Evaluating...
Epoch 50: Train AUPR=0.4502, Valid AUPR=0.4363, Test AUPR=0.4457

=====Epoch 51/100=====
Training...
Evaluating...
Epoch 51: Train AUPR=0.4507, Valid AUPR=0.4400, Test AUPR=0.4510

=====Epoch 52/100=====
Training...
Evaluating...
Epoch 52: Train AUPR=0.4404, Valid AUPR=0.4261, Test AUPR=0.4337

=====Epoch 53/100=====
Training...
Evaluating...
Epoch 53: Train AUPR=0.4421, Valid AUPR=0.4342, Test AUPR=0.4407

=====Epoch 54/100=====
Training...
Evaluating...
Epoch 54: Train AUPR=0.4472, Valid AUPR=0.4326, Test AUPR=0.4413

=====Epoch 55/100=====
Training...
Evaluating...
Epoch 55: Train AUPR=0.4503, Valid AUPR=0.4394, Test AUPR=0.4503

=====Epoch 56/100=====
Training...
Evaluating...
Epoch 56: Train AUPR=0.4452, Valid AUPR=0.4319, Test AUPR=0.4426

=====Epoch 57/100=====
Training...
Evaluating...
Epoch 57: Train AUPR=0.4591, Valid AUPR=0.4458, Test AUPR=0.4576

=====Epoch 58/100=====
Training...
Evaluating...
Epoch 58: Train AUPR=0.4649, Valid AUPR=0.4506, Test AUPR=0.4628

=====Epoch 59/100=====
Training...
Evaluating...
Epoch 59: Train AUPR=0.4608, Valid AUPR=0.4478, Test AUPR=0.4561

=====Epoch 60/100=====
Training...
Evaluating...
Epoch 60: Train AUPR=0.4618, Valid AUPR=0.4518, Test AUPR=0.4593

=====Epoch 61/100=====
Training...
Evaluating...
Epoch 61: Train AUPR=0.4633, Valid AUPR=0.4512, Test AUPR=0.4623

=====Epoch 62/100=====
Training...
Evaluating...
Epoch 62: Train AUPR=0.4602, Valid AUPR=0.4458, Test AUPR=0.4584

=====Epoch 63/100=====
Training...
Evaluating...
Epoch 63: Train AUPR=0.4568, Valid AUPR=0.4454, Test AUPR=0.4560

=====Epoch 64/100=====
Training...
Evaluating...
Epoch 64: Train AUPR=0.4478, Valid AUPR=0.4329, Test AUPR=0.4433

=====Epoch 65/100=====
Training...
Evaluating...
Epoch 65: Train AUPR=0.4529, Valid AUPR=0.4385, Test AUPR=0.4485

=====Epoch 66/100=====
Training...
Evaluating...
Epoch 66: Train AUPR=0.4557, Valid AUPR=0.4497, Test AUPR=0.4506

=====Epoch 67/100=====
Training...
Evaluating...
Epoch 67: Train AUPR=0.4593, Valid AUPR=0.4430, Test AUPR=0.4565

=====Epoch 68/100=====
Training...
Evaluating...
Epoch 68: Train AUPR=0.3473, Valid AUPR=0.3350, Test AUPR=0.3466

=====Epoch 69/100=====
Training...
Evaluating...
Epoch 69: Train AUPR=0.3853, Valid AUPR=0.3828, Test AUPR=0.3784

=====Epoch 70/100=====
Training...
Evaluating...
Epoch 70: Train AUPR=0.4355, Valid AUPR=0.4335, Test AUPR=0.4378

=====Epoch 71/100=====
Training...
Evaluating...
Epoch 71: Train AUPR=0.5555, Valid AUPR=0.5528, Test AUPR=0.5576

=====Epoch 72/100=====
Training...
Evaluating...
Epoch 72: Train AUPR=0.5407, Valid AUPR=0.5419, Test AUPR=0.5409

=====Epoch 73/100=====
Training...
Evaluating...
Epoch 73: Train AUPR=0.5567, Valid AUPR=0.5575, Test AUPR=0.5587

=====Epoch 74/100=====
Training...
Evaluating...
Epoch 74: Train AUPR=0.4875, Valid AUPR=0.4824, Test AUPR=0.4774

=====Epoch 75/100=====
Training...
Evaluating...
Epoch 75: Train AUPR=0.3244, Valid AUPR=0.3272, Test AUPR=0.3238

=====Epoch 76/100=====
Training...
Evaluating...
Epoch 76: Train AUPR=0.3426, Valid AUPR=0.3502, Test AUPR=0.3413

=====Epoch 77/100=====
Training...
Evaluating...
Epoch 77: Train AUPR=0.5736, Valid AUPR=0.5749, Test AUPR=0.5740

=====Epoch 78/100=====
Training...
Evaluating...
Epoch 78: Train AUPR=0.5698, Valid AUPR=0.5714, Test AUPR=0.5715

=====Epoch 79/100=====
Training...
Evaluating...
Epoch 79: Train AUPR=0.5312, Valid AUPR=0.5342, Test AUPR=0.5270

=====Epoch 80/100=====
Training...
Evaluating...
Epoch 80: Train AUPR=0.5489, Valid AUPR=0.5503, Test AUPR=0.5475

=====Epoch 81/100=====
Training...
Evaluating...
Epoch 81: Train AUPR=0.5577, Valid AUPR=0.5586, Test AUPR=0.5553

=====Epoch 82/100=====
Training...
Evaluating...
Epoch 82: Train AUPR=0.3772, Valid AUPR=0.3718, Test AUPR=0.3689

=====Epoch 83/100=====
Training...
Evaluating...
Epoch 83: Train AUPR=0.5604, Valid AUPR=0.5614, Test AUPR=0.5598

=====Epoch 84/100=====
Training...
Evaluating...
Epoch 84: Train AUPR=0.4879, Valid AUPR=0.4788, Test AUPR=0.4829

=====Epoch 85/100=====
Training...
Evaluating...
Epoch 85: Train AUPR=0.5627, Valid AUPR=0.5641, Test AUPR=0.5610

=====Epoch 86/100=====
Training...
Evaluating...
Epoch 86: Train AUPR=0.5298, Valid AUPR=0.5307, Test AUPR=0.5269

=====Epoch 87/100=====
Training...
Evaluating...
Epoch 87: Train AUPR=0.3936, Valid AUPR=0.3920, Test AUPR=0.3890

=====Epoch 88/100=====
Training...
Evaluating...
Epoch 88: Train AUPR=0.5119, Valid AUPR=0.5116, Test AUPR=0.5115

=====Epoch 89/100=====
Training...
Evaluating...
Epoch 89: Train AUPR=0.4057, Valid AUPR=0.4125, Test AUPR=0.4010

=====Epoch 90/100=====
Training...
Evaluating...
Epoch 90: Train AUPR=0.5546, Valid AUPR=0.5530, Test AUPR=0.5537

=====Epoch 91/100=====
Training...
Evaluating...
Epoch 91: Train AUPR=0.5214, Valid AUPR=0.5227, Test AUPR=0.5207

=====Epoch 92/100=====
Training...
Evaluating...
Epoch 92: Train AUPR=0.4867, Valid AUPR=0.4907, Test AUPR=0.4819

=====Epoch 93/100=====
Training...
Evaluating...
Epoch 93: Train AUPR=0.3708, Valid AUPR=0.3747, Test AUPR=0.3670

=====Epoch 94/100=====
Training...
Evaluating...
Epoch 94: Train AUPR=0.5394, Valid AUPR=0.5358, Test AUPR=0.5364

=====Epoch 95/100=====
Training...
Evaluating...
Epoch 95: Train AUPR=0.4257, Valid AUPR=0.4219, Test AUPR=0.4255

=====Epoch 96/100=====
Training...
Evaluating...
Epoch 96: Train AUPR=0.4086, Valid AUPR=0.4128, Test AUPR=0.4031

=====Epoch 97/100=====
Training...
Evaluating...
Epoch 97: Train AUPR=0.5420, Valid AUPR=0.5420, Test AUPR=0.5400

=====Epoch 98/100=====
Training...
Evaluating...
Epoch 98: Train AUPR=0.2652, Valid AUPR=0.2637, Test AUPR=0.2654

=====Epoch 99/100=====
Training...
Evaluating...
Epoch 99: Train AUPR=0.3055, Valid AUPR=0.2955, Test AUPR=0.3040
Finished training!
Best epoch: 94, Best F-score: 0.5848

[GPU 4] 实验 gin_KAGNN_fourier 完成!
[GPU 4] 最佳epoch: 8
[GPU 4] Test AUPR: 0.5747
[GPU 4] Test AUC: 0.5076
Epoch 68: Train AUPR=0.5312, Valid AUPR=0.5338, Test AUPR=0.5342

=====Epoch 69/100=====
Training...
Evaluating...
Epoch 69: Train AUPR=0.5317, Valid AUPR=0.5315, Test AUPR=0.5337

=====Epoch 70/100=====
Training...
Evaluating...
Epoch 70: Train AUPR=0.5330, Valid AUPR=0.5349, Test AUPR=0.5342

=====Epoch 71/100=====
Training...
Evaluating...
Epoch 71: Train AUPR=0.5305, Valid AUPR=0.5286, Test AUPR=0.5328

=====Epoch 72/100=====
Training...
Evaluating...
Epoch 72: Train AUPR=0.5110, Valid AUPR=0.5112, Test AUPR=0.5141

=====Epoch 73/100=====
Training...
Evaluating...
Epoch 73: Train AUPR=0.3771, Valid AUPR=0.3690, Test AUPR=0.3838

=====Epoch 74/100=====
Training...
Evaluating...
Epoch 74: Train AUPR=0.4647, Valid AUPR=0.4619, Test AUPR=0.4666

=====Epoch 75/100=====
Training...
Evaluating...
Epoch 75: Train AUPR=0.3834, Valid AUPR=0.3772, Test AUPR=0.3876

=====Epoch 76/100=====
Training...
Evaluating...
Epoch 76: Train AUPR=0.1534, Valid AUPR=0.1558, Test AUPR=0.1529

=====Epoch 77/100=====
Training...
Evaluating...
Epoch 77: Train AUPR=0.4799, Valid AUPR=0.4755, Test AUPR=0.4831

=====Epoch 78/100=====
Training...
Evaluating...
Epoch 78: Train AUPR=0.4804, Valid AUPR=0.4775, Test AUPR=0.4815

=====Epoch 79/100=====
Training...
Evaluating...
Epoch 79: Train AUPR=0.5039, Valid AUPR=0.5006, Test AUPR=0.5056

=====Epoch 80/100=====
Training...
Evaluating...
Epoch 80: Train AUPR=0.4662, Valid AUPR=0.4612, Test AUPR=0.4717

=====Epoch 81/100=====
Training...
Evaluating...
Epoch 81: Train AUPR=0.5200, Valid AUPR=0.5177, Test AUPR=0.5220

=====Epoch 82/100=====
Training...
Evaluating...
Epoch 82: Train AUPR=0.4447, Valid AUPR=0.4417, Test AUPR=0.4491

=====Epoch 83/100=====
Training...
Evaluating...
Epoch 83: Train AUPR=0.4189, Valid AUPR=0.4146, Test AUPR=0.4223

=====Epoch 84/100=====
Training...
Evaluating...
Epoch 84: Train AUPR=0.5374, Valid AUPR=0.5364, Test AUPR=0.5374

=====Epoch 85/100=====
Training...
Evaluating...
Epoch 85: Train AUPR=0.4060, Valid AUPR=0.4021, Test AUPR=0.4131

=====Epoch 86/100=====
Training...
Evaluating...
Epoch 86: Train AUPR=0.4850, Valid AUPR=0.4820, Test AUPR=0.4873

=====Epoch 87/100=====
Training...
Evaluating...
Epoch 87: Train AUPR=0.4149, Valid AUPR=0.4114, Test AUPR=0.4168

=====Epoch 88/100=====
Training...
Evaluating...
Epoch 88: Train AUPR=0.3756, Valid AUPR=0.3653, Test AUPR=0.3796

=====Epoch 89/100=====
Training...
Evaluating...
Epoch 89: Train AUPR=0.4383, Valid AUPR=0.4385, Test AUPR=0.4399

=====Epoch 90/100=====
Training...
Evaluating...
Epoch 90: Train AUPR=0.3478, Valid AUPR=0.3379, Test AUPR=0.3566

=====Epoch 91/100=====
Training...
Evaluating...
Epoch 91: Train AUPR=0.5066, Valid AUPR=0.5053, Test AUPR=0.5094

=====Epoch 92/100=====
Training...
Evaluating...
Epoch 92: Train AUPR=0.4953, Valid AUPR=0.4950, Test AUPR=0.4969

=====Epoch 93/100=====
Training...
Evaluating...
Epoch 93: Train AUPR=0.4124, Valid AUPR=0.4072, Test AUPR=0.4167

=====Epoch 94/100=====
Training...
Evaluating...
Epoch 94: Train AUPR=0.4400, Valid AUPR=0.4381, Test AUPR=0.4423

=====Epoch 95/100=====
Training...
Evaluating...
Epoch 95: Train AUPR=0.4225, Valid AUPR=0.4228, Test AUPR=0.4227

=====Epoch 96/100=====
Training...
Evaluating...
Epoch 96: Train AUPR=0.5038, Valid AUPR=0.5018, Test AUPR=0.5051

=====Epoch 97/100=====
Training...
Evaluating...
Epoch 97: Train AUPR=0.4618, Valid AUPR=0.4635, Test AUPR=0.4646

=====Epoch 98/100=====
Training...
Evaluating...
Epoch 98: Train AUPR=0.4810, Valid AUPR=0.4772, Test AUPR=0.4821

=====Epoch 99/100=====
Training...
Evaluating...
Epoch 99: Train AUPR=0.4680, Valid AUPR=0.4685, Test AUPR=0.4715
Finished training!
Best epoch: 9, Best F-score: 0.5538

[GPU 5] 实验 gcn_KAGNN_fourier 完成!
[GPU 5] 最佳epoch: 59
[GPU 5] Test AUPR: 0.5654
[GPU 5] Test AUC: 0.5172

================================================================================
所有实验完成!
================================================================================

生成对比报告和图表...

详细报告已保存到: /home/bioinfo202200130116/bioinfo/codebasev5/graphnn/data/processed/DrugComb_loewe_thresh_1/data_v1/experiments/multi_gpu_comparison_2026-05-03_20-33-08/multi_gpu_comparison_report.md

结果保存在: /home/bioinfo202200130116/bioinfo/codebasev5/graphnn/data/processed/DrugComb_loewe_thresh_1/data_v1/experiments/multi_gpu_comparison_2026-05-03_20-33-08

生成的文件:
  - all_results.csv: 所有结果数据
  - multi_gpu_comparison_report.md: 详细报告
  - overall_comparison.png: 总体对比图
  - comparison_gin.png: GIN对比图
  - comparison_gcn.png: GCN对比图
  - comparison_gatv2.png: GATV2对比图
