================================================================================
多GPU并行对比实验
================================================================================

使用GPU: [0, 1]
GNN类型: ['gcn']
任务类型: ['classification']
KAN类型: fourier
训练轮数: 80
随机种子: 42
Fold: 0
path_current_dir /home/bioinfo202200130116/bioinfo/codebasev5/graphnn/deepadr
path_current_dir /home/bioinfo202200130116/bioinfo/codebasev5/graphnn/deepadr

实验目录: /home/bioinfo202200130116/bioinfo/codebasev5/graphnn/data/processed/DrugComb_loewe_thresh_1/data_v1/experiments/multi_gpu_comparison_2026-05-08_17-14-18_thesis_kagnn_concatkan_kanhead_classification_seed42

加载数据集...
数据集大小: 160228

分区文件不存在，按 random 场景即时生成分区...
/home/bioinfo202200130116/bioinfo/codebasev5/graphnn/deepadr/cold_split.py:154: UserWarning: It is not recommended to directly access the internal storage format `data` of an 'InMemoryDataset'. If you are absolutely certain what you are doing, access the internal storage via `InMemoryDataset._data` instead to suppress this warning. Alternatively, you can access stacked individual attributes of every graph via `dataset.{attr_name}`.
  y = dataset.data.y.cpu().numpy()
  训练集: 115363
  验证集: 12819
  测试集: 32046
path_current_dir /home/bioinfo202200130116/bioinfo/codebasev5/graphnn/deepadr
path_current_dir /home/bioinfo202200130116/bioinfo/codebasev5/graphnn/deepadr
path_current_dir /home/bioinfo202200130116/bioinfo/codebasev5/graphnn/deepadr

分区文件不存在，按 cold_drug 场景即时生成分区...
/home/bioinfo202200130116/bioinfo/codebasev5/graphnn/deepadr/cold_split.py:31: UserWarning: It is not recommended to directly access the internal storage format `data` of an 'InMemoryDataset'. If you are absolutely certain what you are doing, access the internal storage via `InMemoryDataset._data` instead to suppress this warning. Alternatively, you can access stacked individual attributes of every graph via `dataset.{attr_name}`.
  drug_ids_a = dataset.data.drug_a_id.cpu().numpy()
/home/bioinfo202200130116/bioinfo/codebasev5/graphnn/deepadr/cold_split.py:32: UserWarning: It is not recommended to directly access the internal storage format `data` of an 'InMemoryDataset'. If you are absolutely certain what you are doing, access the internal storage via `InMemoryDataset._data` instead to suppress this warning. Alternatively, you can access stacked individual attributes of every graph via `dataset.{attr_name}`.
  drug_ids_b = dataset.data.drug_b_id.cpu().numpy()
  训练集: 69674
  验证集: 2101
  测试集: 7697
path_current_dir /home/bioinfo202200130116/bioinfo/codebasev5/graphnn/deepadr
path_current_dir /home/bioinfo202200130116/bioinfo/codebasev5/graphnn/deepadr
path_current_dir /home/bioinfo202200130116/bioinfo/codebasev5/graphnn/deepadr

总共 2 个实验将在 2 个GPU上运行

实验列表:
  1. GCN_KAGNN_fourier_kan_mlp_classification_random_seed42_jkconcat_kan (GPU 0) [KAN:✓ HG:kan_mlp]
  2. GCN_KAGNN_fourier_kan_mlp_classification_cold_drug_seed42_jkconcat_kan (GPU 1) [KAN:✓ HG:kan_mlp]

开始并行训练...
================================================================================
gpu: cuda:1
超图模式: kan_mlp
任务类型: classification
使用重构损失: False
/home/bioinfo202200130116/bioinfo/codebasev5/graphnn/deepadr/train_functions_hypergraph.py:173: UserWarning: It is not recommended to directly access the internal storage format `data` of an 'InMemoryDataset'. If you are absolutely certain what you are doing, access the internal storage via `InMemoryDataset._data` instead to suppress this warning. Alternatively, you can access stacked individual attributes of every graph via `dataset.{attr_name}`.
  expression_scaler.fit(used_dataset.data.expression[partition['train']])
gpu: cuda:0
超图模式: kan_mlp
任务类型: classification
使用重构损失: False
/home/bioinfo202200130116/bioinfo/codebasev5/graphnn/deepadr/train_functions_hypergraph.py:173: UserWarning: It is not recommended to directly access the internal storage format `data` of an 'InMemoryDataset'. If you are absolutely certain what you are doing, access the internal storage via `InMemoryDataset._data` instead to suppress this warning. Alternatively, you can access stacked individual attributes of every graph via `dataset.{attr_name}`.
  expression_scaler.fit(used_dataset.data.expression[partition['train']])
图结构构建: 仅使用当前batch。每行样本加一条边/超边；不检索额外context样本。
Initialized KAN-enhanced GNN (fourier): gcn, 5 layers, emb_dim=128
图结构构建: 仅使用当前batch。每行样本加一条边/超边；不检索额外context样本。
Initialized KAN-enhanced GNN (fourier): gcn, 5 layers, emb_dim=128
Dropout(p=0.2, inplace=False) Dropout(p=0.2, inplace=False)
Dropout(p=0.2, inplace=False) Dropout(p=0.2, inplace=False)
/home/bioinfo202200130116/bioinfo/codebasev5/graphnn/deepadr/train_functions_hypergraph.py:261: UserWarning: It is not recommended to directly access the internal storage format `data` of an 'InMemoryDataset'. If you are absolutely certain what you are doing, access the internal storage via `InMemoryDataset._data` instead to suppress this warning. Alternatively, you can access stacked individual attributes of every graph via `dataset.{attr_name}`.
  y_weights = compute_class_weights(used_dataset.data.y[partition['train']])
=====Epoch 0
Training...
/home/bioinfo202200130116/bioinfo/codebasev5/graphnn/deepadr/train_functions_hypergraph.py:261: UserWarning: It is not recommended to directly access the internal storage format `data` of an 'InMemoryDataset'. If you are absolutely certain what you are doing, access the internal storage via `InMemoryDataset._data` instead to suppress this warning. Alternatively, you can access stacked individual attributes of every graph via `dataset.{attr_name}`.
  y_weights = compute_class_weights(used_dataset.data.y[partition['train']])
=====Epoch 0
Training...
Evaluating...
{'Train':  best_epoch_indx:0
 auc:0.4942196102829502 
 apur:0.1522505696998489 
 f1:0.23419067072408187 
 precision:0.15075808399302296 
 recall:0.5244095958181648 
, 'Validation':  best_epoch_indx:0
 auc:0.4910399905580581 
 apur:0.1523046319785314 
 f1:0.21864050455501052 
 precision:0.14457831325301204 
 recall:0.4482758620689655 
, 'Test':  best_epoch_indx:0
 auc:0.5135289015781851 
 apur:0.16107655082857741 
 f1:0.22550225502255022 
 precision:0.14538725878932066 
 recall:0.502283105022831 
}
=====Epoch 1
Training...
Evaluating...
Evaluating...
