================================================================================
Еє GPUЕ╧ІХ║▄Е╞╧Ф╞■Е╝·И╙▄
================================================================================

ДҐ©Г■╗GPU: [0, 1]
GNNГ╠╩Е·▀: ['gcn']
Д╩╩Е┼║Г╠╩Е·▀: ['classification']
KANГ╠╩Е·▀: fourier
Х╝ґГ╩┐ХҐ╝Ф∙╟: 80
И ▐Ф°╨Гї█Еґ░: 42
Fold: 0
path_current_dir /home/bioinfo202200130116/bioinfo/codebasev5/graphnn/deepadr
path_current_dir /home/bioinfo202200130116/bioinfo/codebasev5/graphnn/deepadr

Е╝·И╙▄Г⌡╝ЕҐ∙: /home/bioinfo202200130116/bioinfo/codebasev5/graphnn/data/processed/DrugComb_loewe_thresh_1/data_v1/experiments/multi_gpu_comparison_2026-05-08_17-16-58_thesis_kagnn_concatkan5_kanhead_classification_seed42

Е┼═ХҐҐФ∙╟Ф█╝И⌡├...
Ф∙╟Ф█╝И⌡├ЕєїЕ╟▐: 160228

Е┬├Е▄╨Ф√┤Д╩ІД╦█Еґ≤Е°╗О╪▄Ф▄┴ random Е°╨Ф≥╞Е█ЁФ≈ІГ■÷Ф┬░Е┬├Е▄╨...
/home/bioinfo202200130116/bioinfo/codebasev5/graphnn/deepadr/cold_split.py:154: UserWarning: It is not recommended to directly access the internal storage format `data` of an 'InMemoryDataset'. If you are absolutely certain what you are doing, access the internal storage via `InMemoryDataset._data` instead to suppress this warning. Alternatively, you can access stacked individual attributes of every graph via `dataset.{attr_name}`.
  y = dataset.data.y.cpu().numpy()
  Х╝ґГ╩┐И⌡├: 115363
  И╙▄Х╞│И⌡├: 12819
  Ф╣▀Х╞∙И⌡├: 32046
path_current_dir /home/bioinfo202200130116/bioinfo/codebasev5/graphnn/deepadr
path_current_dir /home/bioinfo202200130116/bioinfo/codebasev5/graphnn/deepadr
path_current_dir /home/bioinfo202200130116/bioinfo/codebasev5/graphnn/deepadr

Е┬├Е▄╨Ф√┤Д╩ІД╦█Еґ≤Е°╗О╪▄Ф▄┴ cold_drug Е°╨Ф≥╞Е█ЁФ≈ІГ■÷Ф┬░Е┬├Е▄╨...
/home/bioinfo202200130116/bioinfo/codebasev5/graphnn/deepadr/cold_split.py:31: UserWarning: It is not recommended to directly access the internal storage format `data` of an 'InMemoryDataset'. If you are absolutely certain what you are doing, access the internal storage via `InMemoryDataset._data` instead to suppress this warning. Alternatively, you can access stacked individual attributes of every graph via `dataset.{attr_name}`.
  drug_ids_a = dataset.data.drug_a_id.cpu().numpy()
/home/bioinfo202200130116/bioinfo/codebasev5/graphnn/deepadr/cold_split.py:32: UserWarning: It is not recommended to directly access the internal storage format `data` of an 'InMemoryDataset'. If you are absolutely certain what you are doing, access the internal storage via `InMemoryDataset._data` instead to suppress this warning. Alternatively, you can access stacked individual attributes of every graph via `dataset.{attr_name}`.
  drug_ids_b = dataset.data.drug_b_id.cpu().numpy()
  Х╝ґГ╩┐И⌡├: 69674
  И╙▄Х╞│И⌡├: 2101
  Ф╣▀Х╞∙И⌡├: 7697
path_current_dir /home/bioinfo202200130116/bioinfo/codebasev5/graphnn/deepadr
path_current_dir /home/bioinfo202200130116/bioinfo/codebasev5/graphnn/deepadr
path_current_dir /home/bioinfo202200130116/bioinfo/codebasev5/graphnn/deepadr

Ф─╩Е┘╠ 2 Д╦╙Е╝·И╙▄Е╟├Е°╗ 2 Д╦╙GPUД╦┼Х©░Х║▄

Е╝·И╙▄Е┬≈Х║╗:
  1. GCN_KAGNN_fourier_kan_mlp_classification_random_seed42_jkconcat_kan (GPU 0) [KAN:Б°⌠ HG:kan_mlp]
  2. GCN_KAGNN_fourier_kan_mlp_classification_cold_drug_seed42_jkconcat_kan (GPU 1) [KAN:Б°⌠ HG:kan_mlp]

Е╪─Еї▀Е╧ІХ║▄Х╝ґГ╩┐...
================================================================================

================================================================================
Ф┴─Ф°┴Е╝·И╙▄Е╝▄Ф┬░!
================================================================================

Г■÷Ф┬░Е╞╧Ф╞■Ф┼╔Е▒┼Е▓▄Е⌡╬Х║╗...

Х╞іГ╩├Ф┼╔Е▒┼ЕЇ╡Д©²Еґ≤Е┬╟: /home/bioinfo202200130116/bioinfo/codebasev5/graphnn/data/processed/DrugComb_loewe_thresh_1/data_v1/experiments/multi_gpu_comparison_2026-05-08_17-16-58_thesis_kagnn_concatkan5_kanhead_classification_seed42/multi_gpu_comparison_report.md

Г╩⌠Ф·°Д©²Еґ≤Е°╗: /home/bioinfo202200130116/bioinfo/codebasev5/graphnn/data/processed/DrugComb_loewe_thresh_1/data_v1/experiments/multi_gpu_comparison_2026-05-08_17-16-58_thesis_kagnn_concatkan5_kanhead_classification_seed42

Г■÷Ф┬░Г └Ф√┤Д╩І:
  - all_results.csv: Ф┴─Ф°┴Г╩⌠Ф·°Ф∙╟Ф█╝
  - multi_gpu_comparison_report.md: Х╞іГ╩├Ф┼╔Е▒┼
  - overall_comparison.png: Ф─╩ДҐ⌠Е╞╧Ф╞■Е⌡╬
╗И┤█Ф·└Ф█÷Еє╠: False
/home/bioinfo202200130116/bioinfo/codebasev5/graphnn/deepadr/train_functions_hypergraph.py:173: UserWarning: It is not recommended to directly access the internal storage format `data` of an 'InMemoryDataset'. If you are absolutely certain what you are doing, access the internal storage via `InMemoryDataset._data` instead to suppress this warning. Alternatively, you can access stacked individual attributes of every graph via `dataset.{attr_name}`.
  expression_scaler.fit(used_dataset.data.expression[partition['train']])
Е⌡╬Г╩⌠Ф·└Ф·└Е╩╨: Д╩┘ДҐ©Г■╗ЕҐ⌠Е┴█batchЦ─┌Ф╞▐Х║▄Ф═ЇФ°╛Е┼═Д╦─Ф²║Х╬╧/ХІ┘Х╬╧О╪⌡Д╦█Фё─ГЄ╒И╒²Еє√contextФ═ЇФ°╛Ц─┌
Initialized KAN-enhanced GNN (fourier): gcn, 5 layers, emb_dim=128
Dropout(p=0.2, inplace=False) Dropout(p=0.2, inplace=False)
Dropout(p=0.2, inplace=False) Dropout(p=0.2, inplace=False)
/home/bioinfo202200130116/bioinfo/codebasev5/graphnn/deepadr/train_functions_hypergraph.py:261: UserWarning: It is not recommended to directly access the internal storage format `data` of an 'InMemoryDataset'. If you are absolutely certain what you are doing, access the internal storage via `InMemoryDataset._data` instead to suppress this warning. Alternatively, you can access stacked individual attributes of every graph via `dataset.{attr_name}`.
  y_weights = compute_class_weights(used_dataset.data.y[partition['train']])
=====Epoch 0
Training...
/home/bioinfo202200130116/bioinfo/codebasev5/graphnn/deepadr/train_functions_hypergraph.py:261: UserWarning: It is not recommended to directly access the internal storage format `data` of an 'InMemoryDataset'. If you are absolutely certain what you are doing, access the internal storage via `InMemoryDataset._data` instead to suppress this warning. Alternatively, you can access stacked individual attributes of every graph via `dataset.{attr_name}`.
  y_weights = compute_class_weights(used_dataset.data.y[partition['train']])
=====Epoch 0
Training...
Evaluating...
{'Train':  best_epoch_indx:0
 auc:0.4823972631909941 
 apur:0.14880948296424262 
 f1:0.1981743227326266 
 precision:0.14474986019701466 
 recall:0.3141043591897694 
, 'Validation':  best_epoch_indx:0
 auc:0.4085902000511439 
 apur:0.1655508572713179 
 f1:0.18890200708382526 
 precision:0.16032064128256512 
 recall:0.22988505747126436 
, 'Test':  best_epoch_indx:0
 auc:0.5283998622252286 
 apur:0.1473728613060691 
 f1:0.20132117017930168 
 precision:0.15355086372360843 
 recall:0.2922374429223744 
}
=====Epoch 1
Training...
Evaluating...
Evaluating...
{'Train':  best_epoch_indx:1
 auc:0.4846811962918157 
 apur:0.14677785042546312 
 f1:0.18967749892088548 
 precision:0.14161410616454123 
 recall:0.2871277886679735 
, 'Validation':  best_epoch_indx:1
 auc:0.40846479926038126 
 apur:0.13077976809151176 
 f1:0.13211845102505695 
 precision:0.10943396226415095 
 recall:0.16666666666666666 
, 'Test':  best_epoch_indx:1
 auc:0.4725225786014754 
 apur:0.13241622690415242 
 f1:0.17764250138350857 
 precision:0.1274315204446209 
 recall:0.29315068493150687 
}
=====Epoch 2
Training...
{'Train':  best_epoch_indx:0
 auc:0.503329828284038 
 apur:0.1489330918396602 
 f1:0.20616061606160616 
 precision:0.15013218682404464 
 recall:0.3289065699409115 
, 'Validation':  best_epoch_indx:0
 auc:0.49749584259210167 
 apur:0.14656189059481636 
 f1:0.20264462809917355 
 precision:0.14771084337349397 
 recall:0.32263157894736844 
, 'Test':  best_epoch_indx:0
 auc:0.5081695595611307 
 apur:0.15183014298284603 
 f1:0.21191877769693762 
 precision:0.1544691929418571 
 recall:0.33740522325189554 
}
=====Epoch 1
Training...
Evaluating...
{'Train':  best_epoch_indx:2
 auc:0.5013582927192943 
 apur:0.1528059301056773 
 f1:0.18439461883408073 
 precision:0.14974944645146254 
 recall:0.2398954541211612 
, 'Validation':  best_epoch_indx:2
 auc:0.5665886395079699 
 apur:0.23833985612177855 
 f1:0.27230046948356806 
 precision:0.23015873015873015 
 recall:0.3333333333333333 
, 'Test':  best_epoch_indx:2
 auc:0.4777262736212494 
 apur:0.13542005555277564 
 f1:0.1698867421718854 
 precision:0.13371788148925012 
 recall:0.2328767123287671 
}
=====Epoch 3
Training...
Evaluating...
Evaluating...
{'Train':  best_epoch_indx:3
 auc:0.5155094451296165 
 apur:0.1580011613953101 
 f1:0.21652018929383565 
 precision:0.16139081038984837 
 recall:0.3288527956688136 
, 'Validation':  best_epoch_indx:3
 auc:0.5249260709063609 
 apur:0.18648942471444066 
 f1:0.23985572587917042 
 precision:0.1747700394218134 
 recall:0.382183908045977 
, 'Test':  best_epoch_indx:3
 auc:0.5438398354449114 
 apur:0.16758071284034023 
 f1:0.2286348501664817 
 precision:0.16420884814667197 
 recall:0.37625570776255707 
}
=====Epoch 4
Training...
{'Train':  best_epoch_indx:1
 auc:0.4956820469105284 
 apur:0.1487407048211195 
 f1:0.19121205343526973 
 precision:0.14653453004238345 
 recall:0.2750833674603639 
, 'Validation':  best_epoch_indx:1
 auc:0.4965340714640342 
 apur:0.14798469347107812 
 f1:0.18707167994072976 
 precision:0.14432695055730208 
 recall:0.2657894736842105 
, 'Test':  best_epoch_indx:1
 auc:0.4944052623844055 
 apur:0.1490424747674536 
 f1:0.19058686809994188 
 precision:0.14545454545454545 
 recall:0.2763268744734625 
}
=====Epoch 2
Training...
Evaluating...
{'Train':  best_epoch_indx:4
 auc:0.49485405263551097 
 apur:0.15258549151927198 
 f1:0.18490579528797682 
 precision:0.1498435508170124 
 recall:0.24138896667600113 
, 'Validation':  best_epoch_indx:4
 auc:0.5487653349594456 
 apur:0.19608325954965974 
 f1:0.23891625615763548 
 precision:0.20905172413793102 
 recall:0.27873563218390807 
, 'Test':  best_epoch_indx:4
 auc:0.5272581022216873 
 apur:0.15392746986972428 
 f1:0.19944405837387075 
 precision:0.160964666292765 
 recall:0.26210045662100456 
}
=====Epoch 5
Training...
Evaluating...
Evaluating...
{'Train':  best_epoch_indx:2
 auc:0.5033880037359119 
 apur:0.14942627504321387 
 f1:0.21047974658903892 
 precision:0.15087781611528314 
 recall:0.3479202012519745 
, 'Validation':  best_epoch_indx:2
 auc:0.5093310308925533 
 apur:0.1540021177318738 
 f1:0.22204599524187152 
 precision:0.15891032917139614 
 recall:0.3684210526315789 
, 'Test':  best_epoch_indx:2
 auc:0.5027836276799674 
 apur:0.14962135119387476 
 f1:0.2114140773620799 
 precision:0.15124296860823808 
 recall:0.351095197978096 
}
=====Epoch 3
Training...
{'Train':  best_epoch_indx:5
 auc:0.5246081142384994 
 apur:0.16447383444636787 
 f1:0.2328449457151892 
 precision:0.16221773453277033 
 recall:0.4123961542051713 
, 'Validation':  best_epoch_indx:5
 auc:0.4190943604067903 
 apur:0.13314819518461352 
 f1:0.2052091554853986 
 precision:0.14145810663764963 
 recall:0.3735632183908046 
, 'Test':  best_epoch_indx:5
 auc:0.5292826028918869 
 apur:0.14457886151850602 
 f1:0.2422897714666075 
 precision:0.16002344665885113 
 recall:0.4986301369863014 
}
=====Epoch 6
Training...
Evaluating...
{'Train':  best_epoch_indx:6
 auc:0.5310442595626018 
 apur:0.16586041996639633 
 f1:0.2240315501558425 
 precision:0.16990689372376863 
 recall:0.32875945113413607 
, 'Validation':  best_epoch_indx:6
 auc:0.41337755965143497 
 apur:0.14378102605496523 
 f1:0.1596884128529698 
 precision:0.12076583210603829 
 recall:0.23563218390804597 
, 'Test':  best_epoch_indx:6
 auc:0.4975637657884217 
 apur:0.14823258635536085 
 f1:0.18755233044934413 
 precision:0.13504823151125403 
 recall:0.30684931506849317 
}
=====Epoch 7
Training...
Evaluating...
Evaluating...
{'Train':  best_epoch_indx:3
 auc:0.5329158122407012 
 apur:0.16078792920866017 
 f1:0.22586540151115797 
 precision:0.16141346660973957 
 recall:0.37600187211139063 
, 'Validation':  best_epoch_indx:3
 auc:0.5241474060184806 
 apur:0.16112568355168966 
 f1:0.22869883739448957 
 precision:0.16396437542817996 
 recall:0.3778947368421053 
, 'Test':  best_epoch_indx:3
 auc:0.5289089141759247 
 apur:0.15907742068763023 
 f1:0.22497628833386027 
 precision:0.16074817023583626 
 recall:0.37468407750631844 
}
=====Epoch 4
Training...
{'Train':  best_epoch_indx:7
 auc:0.5246343067836391 
 apur:0.16680637150003624 
 f1:0.18818518810631754 
 precision:0.16292249914646637 
 recall:0.22272005974050219 
, 'Validation':  best_epoch_indx:7
 auc:0.5295847512638433 
 apur:0.17133327249568914 
 f1:0.22974358974358974 
 precision:0.17862838915470494 
 recall:0.3218390804597701 
, 'Test':  best_epoch_indx:7
 auc:0.49919866541064767 
 apur:0.15656770069117845 
 f1:0.20042194092827004 
 precision:0.16295025728987994 
 recall:0.2602739726027397 
}
=====Epoch 8
Training...
Evaluating...
Evaluating...
{'Train':  best_epoch_indx:8
 auc:0.5297348832360496 
 apur:0.16594269712907123 
 f1:0.23952683365586416 
 precision:0.1691561441330459 
 recall:0.4101558853729114 
, 'Validation':  best_epoch_indx:8
 auc:0.5289913514435024 
 apur:0.17254081038278848 
 f1:0.24329501915708812 
 precision:0.1824712643678161 
 recall:0.3649425287356322 
, 'Test':  best_epoch_indx:8
 auc:0.6199212498219027 
 apur:0.189669715990963 
 f1:0.281214848143982 
 precision:0.2031694433157253 
 recall:0.45662100456621 
}
=====Epoch 9
Training...
Evaluating...
{'Train':  best_epoch_indx:4
 auc:0.5340056358849433 
 apur:0.16272890813666696 
 f1:0.2479325699745547 
 precision:0.16027277555985814 
 recall:0.5472415608728719 
, 'Validation':  best_epoch_indx:4
 auc:0.524205995343703 
 apur:0.15767667006957142 
 f1:0.2426524168083556 
 precision:0.1577202399747395 
 recall:0.5257894736842105 
, 'Test':  best_epoch_indx:4
 auc:0.53089895893327 
 apur:0.16181122494925537 
 f1:0.2466618808327351 
 precision:0.159596209822258 
 recall:0.5427548441449032 
}
=====Epoch 5
Training...
{'Train':  best_epoch_indx:9
 auc:0.530567850341574 
 apur:0.16705778066699697 
 f1:0.22428540988097775 
 precision:0.16641069653988616 
 recall:0.3438812657518902 
, 'Validation':  best_epoch_indx:9
 auc:0.568010668082958 
 apur:0.21893184464543808 
 f1:0.2778443113772455 
 precision:0.23819301848049282 
 recall:0.3333333333333333 
, 'Test':  best_epoch_indx:9
 auc:0.5638807390592859 
 apur:0.17535329085251167 
 f1:0.24043126684636118 
 precision:0.1705544933078394 
 recall:0.40730593607305937 
}
=====Epoch 10
Training...
Evaluating...
Evaluating...
{'Train':  best_epoch_indx:10
 auc:0.5613107646288088 
 apur:0.17986631356052357 
 f1:0.2725471744836808 
 precision:0.18547979372408913 
 recall:0.513674974330253 
, 'Validation':  best_epoch_indx:10
 auc:0.565974749362341 
 apur:0.2677138208069994 
 f1:0.2616279069767442 
 precision:0.17509727626459143 
 recall:0.5172413793103449 
, 'Test':  best_epoch_indx:10
 auc:0.5454151156630273 
 apur:0.16392493579429712 
 f1:0.24449877750611246 
 precision:0.16157461809635723 
 recall:0.502283105022831 
}
=====Epoch 11
Training...
{'Train':  best_epoch_indx:5
 auc:0.5790423040296062 
 apur:0.18325969720877108 
 f1:0.2747126043129331 
 precision:0.17065698400090776 
 recall:0.7039138828760311 
, 'Validation':  best_epoch_indx:5
 auc:0.5780766264502726 
 apur:0.18717585885850102 
 f1:0.2690938675887318 
 precision:0.16677171309718897 
 recall:0.6963157894736842 
, 'Test':  best_epoch_indx:5
 auc:0.5777123273517172 
 apur:0.1821783535547996 
 f1:0.2752880396900242 
 precision:0.1709179776997098 
 recall:0.7070345408593092 
}
=====Epoch 6
Training...
Evaluating...
{'Train':  best_epoch_indx:11
 auc:0.5405216784627476 
 apur:0.17384038657696563 
 f1:0.23271766149586232 
 precision:0.17552686538826656 
 recall:0.34518808923737515 
, 'Validation':  best_epoch_indx:11
 auc:0.5105943177869137 
 apur:0.1864777597848091 
 f1:0.22795341098169716 
 precision:0.16042154566744732 
 recall:0.3936781609195402 
, 'Test':  best_epoch_indx:11
 auc:0.5266827265571938 
 apur:0.15851948063662066 
 f1:0.21750951604132682 
 precision:0.1548586914440573 
 recall:0.365296803652968 
}
=====Epoch 12
Training...
Evaluating...
Evaluating...
{'Train':  best_epoch_indx:12
 auc:0.5784324915618154 
 apur:0.19116536968125042 
 f1:0.2782113974045514 
 precision:0.18593470131665776 
 recall:0.5523196116867357 
, 'Validation':  best_epoch_indx:12
 auc:0.6358574135636118 
 apur:0.2789511078218567 
 f1:0.28885400313971743 
 precision:0.19870410367170627 
 recall:0.5287356321839081 
, 'Test':  best_epoch_indx:12
 auc:0.5320371300242489 
 apur:0.16658712603452738 
 f1:0.252805420283718 
 precision:0.1645534729878721 
 recall:0.5452054794520548 
}
=====Epoch 13
Training...
{'Train':  best_epoch_indx:6
 auc:0.5952918033313122 
 apur:0.19870715711695325 
 f1:0.27890496353799105 
 precision:0.1862616106670856 
 recall:0.5549055168782543 
, 'Validation':  best_epoch_indx:6
 auc:0.5978541750015665 
 apur:0.20124207360557117 
 f1:0.2821598729486501 
 precision:0.18847241867043849 
 recall:0.5610526315789474 
, 'Test':  best_epoch_indx:6
 auc:0.5927916952110758 
 apur:0.19873134167296272 
 f1:0.2806384896855279 
 precision:0.18753986816925367 
 recall:0.5572872788542544 
}
=====Epoch 7
Training...
Evaluating...
{'Train':  best_epoch_indx:13
 auc:0.5445934789629344 
 apur:0.17875164925735496 
 f1:0.2607319485657765 
 precision:0.17051923408659653 
 recall:0.5536264351722207 
, 'Validation':  best_epoch_indx:13
 auc:0.5751855603858083 
 apur:0.2030086555008177 
 f1:0.2591093117408907 
 precision:0.18038331454340473 
 recall:0.45977011494252873 
, 'Test':  best_epoch_indx:13
 auc:0.6083390393667893 
 apur:0.19309040467132443 
 f1:0.2864104967197751 
 precision:0.180188679245283 
 recall:0.6977168949771689 
}
=====Epoch 14
Training...
Evaluating...
Evaluating...
{'Train':  best_epoch_indx:14
 auc:0.6287135516058516 
 apur:0.21765241116610984 
 f1:0.31250144934257823 
 precision:0.20789879666769515 
 recall:0.6289554746569589 
, 'Validation':  best_epoch_indx:14
 auc:0.37478772023001616 
 apur:0.1254598997243448 
 f1:0.15732546705998032 
 precision:0.11958146487294469 
 recall:0.22988505747126436 
, 'Test':  best_epoch_indx:14
 auc:0.5629069093494569 
 apur:0.16911573614201816 
 f1:0.2405035815064033 
 precision:0.15774487471526197 
 recall:0.5059360730593607 
}
=====Epoch 15
Training...
{'Train':  best_epoch_indx:7
 auc:0.642778511768484 
 apur:0.2265802793258832 
 f1:0.3177828483869356 
 precision:0.22212908633696563 
 recall:0.5581232083308957 
, 'Validation':  best_epoch_indx:7
 auc:0.6448537556456394 
 apur:0.23032459748424625 
 f1:0.3130148270181219 
 precision:0.21875654176261253 
 recall:0.55 
, 'Test':  best_epoch_indx:7
 auc:0.6382147137867351 
 apur:0.22198251301130206 
 f1:0.3117930204572804 
 precision:0.21824460916442048 
 recall:0.5457034540859309 
}
=====Epoch 8
Training...
Evaluating...
{'Train':  best_epoch_indx:15
 auc:0.6452578053083969 
 apur:0.2327244076111046 
 f1:0.3211381022681519 
 precision:0.22537864516615175 
 recall:0.5583870064407729 
, 'Validation':  best_epoch_indx:15
 auc:0.531130541403571 
 apur:0.17936380257752632 
 f1:0.24691358024691357 
 precision:0.19230769230769232 
 recall:0.3448275862068966 
, 'Test':  best_epoch_indx:15
 auc:0.6120426354819835 
 apur:0.18352415280593218 
 f1:0.2858389701069169 
 precision:0.1877866972477064 
 recall:0.5981735159817352 
}
=====Epoch 16
Training...
Evaluating...
Evaluating...
{'Train':  best_epoch_indx:8
 auc:0.6544686357194822 
 apur:0.24112401676580741 
 f1:0.32568910980569366 
 precision:0.24012326827507705 
 recall:0.5059966067981045 
, 'Validation':  best_epoch_indx:8
 auc:0.6567813950573842 
 apur:0.24928448533956538 
 f1:0.3271152564956695 
 precision:0.23927875243664717 
 recall:0.5168421052631579 
, 'Test':  best_epoch_indx:8
 auc:0.6558074812903087 
 apur:0.24089880493365495 
 f1:0.32810174536598563 
 precision:0.24167829380107633 
 recall:0.5107413647851727 
}
=====Epoch 9
Training...
{'Train':  best_epoch_indx:16
 auc:0.6699878843983578 
 apur:0.24328620820247518 
 f1:0.33177357240465444 
 precision:0.213170147665292 
 recall:0.747876411836087 
, 'Validation':  best_epoch_indx:16
 auc:0.5301814295362302 
 apur:0.20780456328527058 
 f1:0.2505161734342739 
 precision:0.16470588235294117 
 recall:0.5229885057471264 
, 'Test':  best_epoch_indx:16
 auc:0.6672963361040449 
 apur:0.2097917385098079 
 f1:0.3155418852903926 
 precision:0.1967509025270758 
 recall:0.7963470319634703 
}
=====Epoch 17
Training...
Evaluating...
{'Train':  best_epoch_indx:17
 auc:0.6815096334651692 
 apur:0.24653246016266772 
 f1:0.35016512925634896 
 precision:0.23159194986743795 
 recall:0.7175394380659013 
, 'Validation':  best_epoch_indx:17
 auc:0.6180455835972487 
 apur:0.26818471186807796 
 f1:0.3238255033557047 
 precision:0.22867298578199052 
 recall:0.5545977011494253 
, 'Test':  best_epoch_indx:17
 auc:0.683479822774059 
 apur:0.22583920016243095 
 f1:0.33452556280244056 
 precision:0.21733187534171677 
 recall:0.726027397260274 
}
=====Epoch 18
Training...
Evaluating...
Evaluating...
{'Train':  best_epoch_indx:9
 auc:0.64590405145744 
 apur:0.21889117425144652 
 f1:0.30963972736124634 
 precision:0.21040581414888254 
 recall:0.5860293687474405 
, 'Validation':  best_epoch_indx:9
 auc:0.64385973749283 
 apur:0.2175507866130017 
 f1:0.31466812346353457 
 precision:0.21246772408705275 
 recall:0.6063157894736843 
, 'Test':  best_epoch_indx:9
 auc:0.6421420299637753 
 apur:0.22232324714877416 
 f1:0.31035057503194624 
 precision:0.21077654516640254 
 recall:0.5882476832350463 
}
=====Epoch 10
Training...
{'Train':  best_epoch_indx:18
 auc:0.6846283590518258 
 apur:0.2573230958948069 
 f1:0.35035641547861507 
 precision:0.24087233521195786 
 recall:0.6423037431158406 
, 'Validation':  best_epoch_indx:18
 auc:0.5889558785923639 
 apur:0.20555122768207945 
 f1:0.24191866527632952 
 precision:0.18985270049099837 
 recall:0.3333333333333333 
, 'Test':  best_epoch_indx:18
 auc:0.6496671826304192 
 apur:0.19014509581183647 
 f1:0.30434782608695654 
 precision:0.1957146590018291 
 recall:0.6840182648401827 
}
=====Epoch 19
Training...
Evaluating...
Evaluating...
{'Train':  best_epoch_indx:19
 auc:0.7028415953347066 
 apur:0.2638852436371529 
 f1:0.3640039035271156 
 precision:0.2423201856148492 
 recall:0.7311677401288155 
, 'Validation':  best_epoch_indx:19
 auc:0.49978608100399313 
 apur:0.1668595443773757 
 f1:0.206286836935167 
 precision:0.15671641791044777 
 recall:0.3017241379310345 
, 'Test':  best_epoch_indx:19
 auc:0.6731881441765951 
 apur:0.20664168386480286 
 f1:0.3380225080385852 
 precision:0.21669672764751352 
 recall:0.7680365296803653 
}
=====Epoch 20
Training...
{'Train':  best_epoch_indx:10
 auc:0.6579366455106562 
 apur:0.22653276326637176 
 f1:0.3218755723792661 
 precision:0.21774776449208022 
 recall:0.616860703211841 
, 'Validation':  best_epoch_indx:10
 auc:0.6588598579974068 
 apur:0.23214912390300246 
 f1:0.3280524446872439 
 precision:0.22150497971228328 
 recall:0.6321052631578947 
, 'Test':  best_epoch_indx:10
 auc:0.6571637907872319 
 apur:0.23036709786524695 
 f1:0.3192025413517362 
 precision:0.2156920799407846 
 recall:0.6137320977253581 
}
=====Epoch 11
Training...
Evaluating...
{'Train':  best_epoch_indx:20
 auc:0.7199002041628508 
 apur:0.27917701945138035 
 f1:0.37443624980102935 
 precision:0.2615544271895037 
 recall:0.6587323812190796 
, 'Validation':  best_epoch_indx:20
 auc:0.5912171908911489 
 apur:0.2018148867062594 
 f1:0.20352781546811397 
 precision:0.1928020565552699 
 recall:0.21551724137931033 
, 'Test':  best_epoch_indx:20
 auc:0.7092994512524917 
 apur:0.26072912764494915 
 f1:0.3487979755377478 
 precision:0.22676172196325747 
 recall:0.7552511415525114 
}
=====Epoch 21
Training...
Evaluating...
Evaluating...
{'Train':  best_epoch_indx:21
 auc:0.711155174388072 
 apur:0.2830286694009593 
 f1:0.37042691238209474 
 precision:0.26161962339712735 
 recall:0.6341827685988985 
, 'Validation':  best_epoch_indx:21
 auc:0.5543870606054645 
 apur:0.1999573561792665 
 f1:0.23990772779700115 
 precision:0.2003853564547206 
 recall:0.2988505747126437 
, 'Test':  best_epoch_indx:21
 auc:0.6531624566514367 
 apur:0.21575180669646468 
 f1:0.31360285905740454 
 precision:0.20756948551153165 
 recall:0.6410958904109589 
}
=====Epoch 22
Training...
{'Train':  best_epoch_indx:11
 auc:0.6792910352074567 
 apur:0.2392480156775226 
 f1:0.33917581698123794 
 precision:0.2492987955782874 
 recall:0.5303925583572222 
, 'Validation':  best_epoch_indx:11
 auc:0.6821666240883828 
 apur:0.24726901917860505 
 f1:0.3376010781671159 
 precision:0.24826560951437066 
 recall:0.5273684210526316 
, 'Test':  best_epoch_indx:11
 auc:0.67871470134951 
 apur:0.2435317430554187 
 f1:0.33938987596379483 
 precision:0.24894265761778303 
 recall:0.5330665543386689 
}
=====Epoch 12
Training...
Evaluating...
{'Train':  best_epoch_indx:22
 auc:0.7266481871370015 
 apur:0.2790775315865919 
 f1:0.37983706720977595 
 precision:0.25253115863979075 
 recall:0.7659852515635209 
, 'Validation':  best_epoch_indx:22
 auc:0.5541034745034784 
 apur:0.1968795946342317 
 f1:0.2194871794871795 
 precision:0.17065390749601275 
 recall:0.3074712643678161 
, 'Test':  best_epoch_indx:22
 auc:0.7085048255752027 
 apur:0.27890640992914106 
 f1:0.33665519115781845 
 precision:0.20999095840867993 
 recall:0.8484018264840183 
}
Early stopping at epoch 22: validation metric did not improve for 10 epochs. Best valid AUPR: 0.2790
Finished training!
Best validation epoch: 12, Best validation F-score: 0.3878

[GPU 1] Е╝·И╙▄ GCN_KAGNN_fourier_kan_mlp_classification_cold_drug_seed42_jkconcat_kan Е╝▄Ф┬░!
[GPU 1] Ф°─ДҐЁepoch: 12
[GPU 1] Test AUPR: 0.1666
[GPU 1] Test AUC: 0.5320
Evaluating...
{'Train':  best_epoch_indx:12
 auc:0.6822855951457554 
 apur:0.25098513196327443 
 f1:0.33288884521988127 
 precision:0.2189843028624192 
 recall:0.6937342771894928 
, 'Validation':  best_epoch_indx:12
 auc:0.6771906044991589 
 apur:0.24165141738500048 
 f1:0.33451148699823274 
 precision:0.22002656924609765 
 recall:0.6973684210526315 
, 'Test':  best_epoch_indx:12
 auc:0.6814789209401704 
 apur:0.252255711793046 
 f1:0.33211641821316296 
 precision:0.2187124348871377 
 recall:0.6897641112047178 
}
=====Epoch 13
Training...
Evaluating...
{'Train':  best_epoch_indx:13
 auc:0.6879061457713262 
 apur:0.24367114851751046 
 f1:0.34176919937022565 
 precision:0.22759839232666057 
 recall:0.6857778037793248 
, 'Validation':  best_epoch_indx:13
 auc:0.6882855813863811 
 apur:0.243611089383661 
 f1:0.3447019005467326 
 precision:0.22898650985818056 
 recall:0.6968421052631579 
, 'Test':  best_epoch_indx:13
 auc:0.6848851505580117 
 apur:0.24253434500867804 
 f1:0.3401174989509022 
 precision:0.22645990500139704 
 recall:0.6828138163437236 
}
=====Epoch 14
Training...
Evaluating...
{'Train':  best_epoch_indx:14
 auc:0.6987914962073856 
 apur:0.2563502350227318 
 f1:0.3416448402304872 
 precision:0.2200887509069128 
 recall:0.7631194056046334 
, 'Validation':  best_epoch_indx:14
 auc:0.6922055229657622 
 apur:0.25842925381075654 
 f1:0.3361957416774497 
 precision:0.21648235115891531 
 recall:0.7521052631578947 
, 'Test':  best_epoch_indx:14
 auc:0.6992559206284065 
 apur:0.25833788969997984 
 f1:0.34023960535588443 
 precision:0.21896353631251134 
 recall:0.762636899747262 
}
=====Epoch 15
Training...
Evaluating...
{'Train':  best_epoch_indx:15
 auc:0.7060232554402774 
 apur:0.268601452584449 
 f1:0.3556442952004961 
 precision:0.239830266432739 
 recall:0.6877669221318669 
, 'Validation':  best_epoch_indx:15
 auc:0.7074005475727968 
 apur:0.2700989545078902 
 f1:0.35357917570498915 
 precision:0.2381300219138057 
 recall:0.6863157894736842 
, 'Test':  best_epoch_indx:15
 auc:0.7089153586954382 
 apur:0.27071003706020597 
 f1:0.35496370681656936 
 precision:0.23955801104972377 
 recall:0.6849199663016007 
}
=====Epoch 16
Training...
Evaluating...
{'Train':  best_epoch_indx:16
 auc:0.7193450383198992 
 apur:0.2836411860118449 
 f1:0.3580267237358356 
 precision:0.2338488557552732 
 recall:0.7634119230094191 
, 'Validation':  best_epoch_indx:16
 auc:0.7173701322176216 
 apur:0.2819653733322885 
 f1:0.35428994082840237 
 precision:0.23132646490663233 
 recall:0.7563157894736842 
, 'Test':  best_epoch_indx:16
 auc:0.7224428779541573 
 apur:0.28997982517027293 
 f1:0.3607835397444121 
 precision:0.23558218957407048 
 recall:0.7700084245998315 
}
=====Epoch 17
Training...
Evaluating...
{'Train':  best_epoch_indx:17
 auc:0.7242217353725566 
 apur:0.27772360224898995 
 f1:0.36626583386842565 
 precision:0.24399681126169043 
 recall:0.7341601825308606 
, 'Validation':  best_epoch_indx:17
 auc:0.7276205889299675 
 apur:0.28569120087404093 
 f1:0.36624120864808546 
 precision:0.2433367947386639 
 recall:0.74 
, 'Test':  best_epoch_indx:17
 auc:0.7249548772532287 
 apur:0.2833456243996463 
 f1:0.3645822385706779 
 precision:0.24289315221957708 
 recall:0.7306234203875316 
}
=====Epoch 18
Training...
Evaluating...
{'Train':  best_epoch_indx:18
 auc:0.7232628337315652 
 apur:0.28952146303956494 
 f1:0.3635058733925067 
 precision:0.2424532541372775 
 recall:0.7259696951968642 
, 'Validation':  best_epoch_indx:18
 auc:0.7204089202307904 
 apur:0.2874776544855843 
 f1:0.3593996840442338 
 precision:0.23964185393258428 
 recall:0.718421052631579 
, 'Test':  best_epoch_indx:18
 auc:0.7283170442202918 
 apur:0.2994013059574743 
 f1:0.3661257070359994 
 precision:0.24440680358529182 
 recall:0.7293597304128054 
}
=====Epoch 19
Training...
Evaluating...
{'Train':  best_epoch_indx:19
 auc:0.7360839534417546 
 apur:0.29486142768025986 
 f1:0.37478760656609683 
 precision:0.2507116312168894 
 recall:0.7419996489791143 
, 'Validation':  best_epoch_indx:19
 auc:0.7320382385122988 
 apur:0.2909212585944849 
 f1:0.3769413003421953 
 precision:0.2513162513162513 
 recall:0.7536842105263157 
, 'Test':  best_epoch_indx:19
 auc:0.7358655719274977 
 apur:0.29669224665203286 
 f1:0.37424718861589296 
 precision:0.250517302889761 
 recall:0.739469250210615 
}
=====Epoch 20
Training...
Evaluating...
{'Train':  best_epoch_indx:20
 auc:0.738600351457861 
 apur:0.3070294162049045 
 f1:0.37341534551965117 
 precision:0.24788651394613245 
 recall:0.7565085122564793 
, 'Validation':  best_epoch_indx:20
 auc:0.7413777047252256 
 apur:0.313716048556756 
 f1:0.370814332247557 
 precision:0.2464069264069264 
 recall:0.7489473684210526 
, 'Test':  best_epoch_indx:20
 auc:0.7426685759401848 
 apur:0.31338260867194906 
 f1:0.3716804925131737 
 precision:0.24703516193910813 
 recall:0.7502106149957877 
}
=====Epoch 21
Training...
Evaluating...
{'Train':  best_epoch_indx:21
 auc:0.7334935062832839 
 apur:0.2967101293851027 
 f1:0.3687499126350662 
 precision:0.2422583844543217 
 recall:0.7716609138243725 
, 'Validation':  best_epoch_indx:21
 auc:0.7331929374677651 
 apur:0.3023564673516066 
 f1:0.3691418519914562 
 precision:0.24244924905099852 
 recall:0.7731578947368422 
, 'Test':  best_epoch_indx:21
 auc:0.7342178170441586 
 apur:0.2955472849312803 
 f1:0.3679927667269439 
 precision:0.241622691292876 
 recall:0.7714827295703454 
}
=====Epoch 22
Training...
Evaluating...
{'Train':  best_epoch_indx:22
 auc:0.7358101301227077 
 apur:0.29495618723360456 
 f1:0.3670463257036469 
 precision:0.2395853811098204 
 recall:0.7842976657111098 
, 'Validation':  best_epoch_indx:22
 auc:0.7412702869454981 
 apur:0.3018022874611989 
 f1:0.3670062599729962 
 precision:0.2393148711381463 
 recall:0.7868421052631579 
, 'Test':  best_epoch_indx:22
 auc:0.737033162734518 
 apur:0.3024479988958449 
 f1:0.3659905474596298 
 precision:0.23882035466461063 
 recall:0.7828559393428812 
}
=====Epoch 23
Training...
Evaluating...
{'Train':  best_epoch_indx:23
 auc:0.7356549545063251 
 apur:0.29405335027006824 
 f1:0.3726389714835896 
 precision:0.24581099508714252 
 recall:0.769847305914702 
, 'Validation':  best_epoch_indx:23
 auc:0.7359535286150168 
 apur:0.30038587711875087 
 f1:0.3731419784725782 
 precision:0.24661246612466126 
 recall:0.7663157894736842 
, 'Test':  best_epoch_indx:23
 auc:0.7378738867526146 
 apur:0.3026284752769566 
 f1:0.3711066931742876 
 precision:0.24480462707646783 
 recall:0.7666385846672283 
}
=====Epoch 24
Training...
Evaluating...
{'Train':  best_epoch_indx:24
 auc:0.7233972732662829 
 apur:0.2869063571727401 
 f1:0.35693192005484364 
 precision:0.23038172875644583 
 recall:0.7919616217164921 
, 'Validation':  best_epoch_indx:24
 auc:0.7217883361210058 
 apur:0.2809991739631189 
 f1:0.3565393311912412 
 precision:0.2303552206673843 
 recall:0.7884210526315789 
, 'Test':  best_epoch_indx:24
 auc:0.7219034673193855 
 apur:0.2830375976392695 
 f1:0.35633661951707385 
 precision:0.23022955258785155 
 recall:0.787910699241786 
}
=====Epoch 25
Training...
Evaluating...
{'Train':  best_epoch_indx:25
 auc:0.7452273619881482 
 apur:0.3165519435269191 
 f1:0.3918770766921351 
 precision:0.2753104559673903 
 recall:0.6796349382788276 
, 'Validation':  best_epoch_indx:25
 auc:0.7421150963313586 
 apur:0.3131226605502746 
 f1:0.39379184418746194 
 precision:0.2769691780821918 
 recall:0.6810526315789474 
, 'Test':  best_epoch_indx:25
 auc:0.7460216503080637 
 apur:0.31432701849054834 
 f1:0.3916903194637357 
 precision:0.2745745491490983 
 recall:0.6830244313395114 
}
=====Epoch 26
Training...
Evaluating...
{'Train':  best_epoch_indx:26
 auc:0.7479020212372219 
 apur:0.3077160083833466 
 f1:0.39413605666282325 
 precision:0.2742967191691313 
 recall:0.6999356461709472 
, 'Validation':  best_epoch_indx:26
 auc:0.7517618010132024 
 apur:0.32347006781970383 
 f1:0.39508366651858434 
 precision:0.27488151658767773 
 recall:0.7021052631578948 
, 'Test':  best_epoch_indx:26
 auc:0.7506515115425783 
 apur:0.312827529827389 
 f1:0.39625103808280937 
 precision:0.27580511973575556 
 recall:0.7034540859309183 
}
=====Epoch 27
Training...
Evaluating...
{'Train':  best_epoch_indx:27
 auc:0.7461043161894123 
 apur:0.3135387265799671 
 f1:0.3860424434930719 
 precision:0.261648223645894 
 recall:0.7359152869595741 
, 'Validation':  best_epoch_indx:27
 auc:0.7491880401617653 
 apur:0.31861498832336976 
 f1:0.38597926895799234 
 precision:0.2604933726067747 
 recall:0.7447368421052631 
, 'Test':  best_epoch_indx:27
 auc:0.7437637615736404 
 apur:0.31491337998214597 
 f1:0.3797133406835722 
 precision:0.257168458781362 
 recall:0.7253580454928391 
}
=====Epoch 28
Training...
Evaluating...
{'Train':  best_epoch_indx:28
 auc:0.7671471907753031 
 apur:0.33813069121265515 
 f1:0.4109952034347432 
 precision:0.2880821950015282 
 recall:0.716843152167554 
, 'Validation':  best_epoch_indx:28
 auc:0.7692008377478177 
 apur:0.33873273254065617 
 f1:0.41019454079324386 
 precision:0.28746565208201225 
 recall:0.7157894736842105 
, 'Test':  best_epoch_indx:28
 auc:0.7661266678612163 
 apur:0.3400384099278222 
 f1:0.40850702859912746 
 precision:0.28674719292276285 
 recall:0.709983150800337 
}
=====Epoch 29
Training...
Evaluating...
{'Train':  best_epoch_indx:29
 auc:0.7707344328872171 
 apur:0.35426906985227036 
 f1:0.4134403473569948 
 precision:0.28756091422819097 
 recall:0.7353302521500029 
, 'Validation':  best_epoch_indx:29
 auc:0.772182627096177 
 apur:0.3506495747346622 
 f1:0.4142499631974091 
 precision:0.2875536480686695 
 recall:0.7405263157894737 
, 'Test':  best_epoch_indx:29
 auc:0.7732725596914284 
 apur:0.3554918596784771 
 f1:0.41472799384360387 
 precision:0.28843145327295183 
 recall:0.7377843302443134 
}
=====Epoch 30
Training...
Evaluating...
{'Train':  best_epoch_indx:30
 auc:0.7734341982678385 
 apur:0.3486799744609364 
 f1:0.4203207628955353 
 precision:0.29867921738701886 
 recall:0.7091206926812146 
, 'Validation':  best_epoch_indx:30
 auc:0.7737595017858778 
 apur:0.3474893060417096 
 f1:0.42009273570324573 
 precision:0.2973741794310722 
 recall:0.7152631578947368 
, 'Test':  best_epoch_indx:30
 auc:0.7726436928485585 
 apur:0.3528756077052774 
 f1:0.4212887947151938 
 precision:0.2991679943352806 
 recall:0.7118786857624263 
}
=====Epoch 31
Training...
Evaluating...
{'Train':  best_epoch_indx:31
 auc:0.7649007615876824 
 apur:0.336845643080374 
 f1:0.4011177212907878 
 precision:0.2698550666046775 
 recall:0.7810214707775113 
, 'Validation':  best_epoch_indx:31
 auc:0.7607504784031698 
 apur:0.32432247145636584 
 f1:0.39929805615550756 
 precision:0.26851851851851855 
 recall:0.7784210526315789 
, 'Test':  best_epoch_indx:31
 auc:0.7649878246354952 
 apur:0.3373923754825907 
 f1:0.4013609115947508 
 precision:0.26988161812767814 
 recall:0.7826453243470936 
}
=====Epoch 32
Training...
Evaluating...
{'Train':  best_epoch_indx:32
 auc:0.7798210733515241 
 apur:0.36784478530344655 
 f1:0.42492288710672427 
 precision:0.3040714393824731 
 recall:0.7052009594570877 
, 'Validation':  best_epoch_indx:32
 auc:0.7767910595244409 
 apur:0.3598405303435843 
 f1:0.42265932336742723 
 precision:0.30145903479236813 
 recall:0.7068421052631579 
, 'Test':  best_epoch_indx:32
 auc:0.7774495076432766 
 apur:0.3593594870802744 
 f1:0.4233343959196685 
 precision:0.30355673402212674 
 recall:0.6992417860151643 
}
=====Epoch 33
Training...
Evaluating...
{'Train':  best_epoch_indx:33
 auc:0.7729908824405622 
 apur:0.3464009471569587 
 f1:0.40171572252625354 
 precision:0.26882039709404754 
 recall:0.7944772713976481 
, 'Validation':  best_epoch_indx:33
 auc:0.7722963834166422 
 apur:0.33972070066227666 
 f1:0.39926062846580407 
 precision:0.26647867465632713 
 recall:0.7957894736842105 
, 'Test':  best_epoch_indx:33
 auc:0.7746319322022474 
 apur:0.35000521553044106 
 f1:0.3999787978373794 
 precision:0.2672474854795297 
 recall:0.7946503791069924 
}
=====Epoch 34
Training...
Evaluating...
{'Train':  best_epoch_indx:34
 auc:0.7544214316795402 
 apur:0.3104460546654463 
 f1:0.3964097284776734 
 precision:0.27336661120354966 
 recall:0.7208798923535951 
, 'Validation':  best_epoch_indx:34
 auc:0.7534528658398446 
 apur:0.3040661019840257 
 f1:0.3982109363728178 
 precision:0.2742993440667859 
 recall:0.7263157894736842 
, 'Test':  best_epoch_indx:34
 auc:0.7542221293356615 
 apur:0.31948639871495677 
 f1:0.3972468043264503 
 precision:0.2738218642851447 
 recall:0.723251895534962 
}
=====Epoch 35
Training...
Evaluating...
{'Train':  best_epoch_indx:35
 auc:0.7656538922517095 
 apur:0.3369117110613595 
 f1:0.3966661835048558 
 precision:0.263656858777964 
 recall:0.8005031299362312 
, 'Validation':  best_epoch_indx:35
 auc:0.7629464574064523 
 apur:0.33584270025664764 
 f1:0.39327731092436974 
 precision:0.26066838046272495 
 recall:0.8005263157894736 
, 'Test':  best_epoch_indx:35
 auc:0.766440067419019 
 apur:0.33925282213446417 
 f1:0.39788769214681585 
 precision:0.264640422868271 
 recall:0.8013900589721988 
}
=====Epoch 36
Training...
Evaluating...
{'Train':  best_epoch_indx:36
 auc:0.7717922236877827 
 apur:0.34486834983856957 
 f1:0.4076592418913638 
 precision:0.27814513032720445 
 recall:0.762885391680805 
, 'Validation':  best_epoch_indx:36
 auc:0.7636981167544743 
 apur:0.33569266201335013 
 f1:0.40405462480641985 
 precision:0.2758024216798001 
 recall:0.7552631578947369 
, 'Test':  best_epoch_indx:36
 auc:0.7716923647103024 
 apur:0.34976226471114114 
 f1:0.40623944137853363 
 precision:0.27724827056110685 
 recall:0.7596882898062342 
}
=====Epoch 37
Training...
Evaluating...
{'Train':  best_epoch_indx:37
 auc:0.7605576059225407 
 apur:0.31490231530736673 
 f1:0.3925381962979528 
 precision:0.26051321332822674 
 recall:0.795881354940619 
, 'Validation':  best_epoch_indx:37
 auc:0.7577239577559156 
 apur:0.3038834173416357 
 f1:0.3935191186001296 
 precision:0.26104901117798796 
 recall:0.7989473684210526 
, 'Test':  best_epoch_indx:37
 auc:0.7593672905791938 
 apur:0.31601045328851796 
 f1:0.3910422945027538 
 precision:0.2595530417988688 
 recall:0.7925442291491154 
}
=====Epoch 38
Training...
Evaluating...
{'Train':  best_epoch_indx:38
 auc:0.7765371200240734 
 apur:0.3432674891821548 
 f1:0.41161620025398965 
 precision:0.27869633681418865 
 recall:0.78693032235418 
, 'Validation':  best_epoch_indx:38
 auc:0.7738824164541768 
 apur:0.33550086171940446 
 f1:0.41015785861358955 
 precision:0.27743732590529246 
 recall:0.7863157894736842 
, 'Test':  best_epoch_indx:38
 auc:0.7753091746046304 
 apur:0.3397875458367916 
 f1:0.40980619513003147 
 precision:0.27770710169872037 
 recall:0.781592249368155 
}
=====Epoch 39
Training...
Evaluating...
{'Train':  best_epoch_indx:39
 auc:0.7762086497983 
 apur:0.35090228535920276 
 f1:0.4130591970825867 
 precision:0.28240730789897905 
 recall:0.7686772362955596 
, 'Validation':  best_epoch_indx:39
 auc:0.7735776603795412 
 apur:0.33790828192339983 
 f1:0.4124841838886546 
 precision:0.28141185497793975 
 recall:0.7721052631578947 
, 'Test':  best_epoch_indx:39
 auc:0.7754497453393273 
 apur:0.35007413606301035 
 f1:0.40805445263754964 
 precision:0.2792268281322776 
 recall:0.7575821398483572 
}
=====Epoch 40
Training...
Evaluating...
{'Train':  best_epoch_indx:40
 auc:0.7857383980206187 
 apur:0.3641253851734073 
 f1:0.4145252236673934 
 precision:0.2789605763782077 
 recall:0.8064119815129001 
, 'Validation':  best_epoch_indx:40
 auc:0.7824891907394642 
 apur:0.3584779303931297 
 f1:0.4143222506393862 
 precision:0.27835051546391754 
 recall:0.81 
, 'Test':  best_epoch_indx:40
 auc:0.7834301695789422 
 apur:0.3656813684967632 
 f1:0.41239442681155525 
 precision:0.27693085759699443 
 recall:0.8072872788542544 
}
=====Epoch 41
Training...
Evaluating...
{'Train':  best_epoch_indx:41
 auc:0.7840149995971673 
 apur:0.34975772058391186 
 f1:0.42389719594480046 
 precision:0.29842694483565274 
 recall:0.731410518925876 
, 'Validation':  best_epoch_indx:41
 auc:0.7776883366030242 
 apur:0.3362534414031053 
 f1:0.419223212936376 
 precision:0.29404282382870467 
 recall:0.73 
, 'Test':  best_epoch_indx:41
 auc:0.7815575532132697 
 apur:0.34843601859199563 
 f1:0.42338980977429813 
 precision:0.2983363503146281 
 recall:0.72893850042123 
}
=====Epoch 42
Training...
Evaluating...
{'Train':  best_epoch_indx:42
 auc:0.7808502660884409 
 apur:0.35240247943345565 
 f1:0.4214262665375928 
 precision:0.296903417248971 
 recall:0.72585268823495 
, 'Validation':  best_epoch_indx:42
 auc:0.7790049455078304 
 apur:0.35710939567608857 
 f1:0.42089417431883186 
 precision:0.2947501581277672 
 recall:0.7357894736842105 
, 'Test':  best_epoch_indx:42
 auc:0.7792165889067482 
 apur:0.352149979284553 
 f1:0.42245631127077876 
 precision:0.2971306209850107 
 recall:0.7306234203875316 
}
Early stopping at epoch 42: validation metric did not improve for 10 epochs. Best valid AUPR: 0.3598
Finished training!
Best validation epoch: 32, Best validation F-score: 0.4918

[GPU 0] Е╝·И╙▄ GCN_KAGNN_fourier_kan_mlp_classification_random_seed42_jkconcat_kan Е╝▄Ф┬░!
[GPU 0] Ф°─ДҐЁepoch: 32
[GPU 0] Test AUPR: 0.3594
[GPU 0] Test AUC: 0.7774
