================================================================================
多GPU并行对比实验
================================================================================

使用GPU: [0]
GNN类型: ['gcn']
任务类型: ['classification']
KAN类型: fourier
训练轮数: 1
随机种子: 42
Fold: 0
path_current_dir /home/bioinfo202200130116/bioinfo/codebasev5/graphnn/deepadr
path_current_dir /home/bioinfo202200130116/bioinfo/codebasev5/graphnn/deepadr

实验目录: /home/bioinfo202200130116/bioinfo/codebasev5/graphnn/data/processed/DrugComb_loewe_thresh_1/data_v1/experiments/multi_gpu_comparison_2026-05-08_17-12-06_debug_concatkan_start

加载数据集...
数据集大小: 160228

分区文件不存在，按 random 场景即时生成分区...
/home/bioinfo202200130116/bioinfo/codebasev5/graphnn/deepadr/cold_split.py:154: UserWarning: It is not recommended to directly access the internal storage format `data` of an 'InMemoryDataset'. If you are absolutely certain what you are doing, access the internal storage via `InMemoryDataset._data` instead to suppress this warning. Alternatively, you can access stacked individual attributes of every graph via `dataset.{attr_name}`.
  y = dataset.data.y.cpu().numpy()
  训练集: 115363
  验证集: 12819
  测试集: 32046
path_current_dir /home/bioinfo202200130116/bioinfo/codebasev5/graphnn/deepadr
path_current_dir /home/bioinfo202200130116/bioinfo/codebasev5/graphnn/deepadr
path_current_dir /home/bioinfo202200130116/bioinfo/codebasev5/graphnn/deepadr

总共 1 个实验将在 1 个GPU上运行

实验列表:
  1. GCN_KAGNN_fourier_kan_mlp_classification_random_seed42_jkconcat_kan (GPU 0) [KAN:✓ HG:kan_mlp]

开始并行训练...
================================================================================
gpu: cuda:0
超图模式: kan_mlp
任务类型: classification
使用重构损失: False
/home/bioinfo202200130116/bioinfo/codebasev5/graphnn/deepadr/train_functions_hypergraph.py:173: UserWarning: It is not recommended to directly access the internal storage format `data` of an 'InMemoryDataset'. If you are absolutely certain what you are doing, access the internal storage via `InMemoryDataset._data` instead to suppress this warning. Alternatively, you can access stacked individual attributes of every graph via `dataset.{attr_name}`.
  expression_scaler.fit(used_dataset.data.expression[partition['train']])
图结构构建: 仅使用当前batch。每行样本加一条边/超边；不检索额外context样本。
Initialized KAN-enhanced GNN (fourier): gcn, 5 layers, emb_dim=128
Dropout(p=0.2, inplace=False) Dropout(p=0.2, inplace=False)
/home/bioinfo202200130116/bioinfo/codebasev5/graphnn/deepadr/train_functions_hypergraph.py:261: UserWarning: It is not recommended to directly access the internal storage format `data` of an 'InMemoryDataset'. If you are absolutely certain what you are doing, access the internal storage via `InMemoryDataset._data` instead to suppress this warning. Alternatively, you can access stacked individual attributes of every graph via `dataset.{attr_name}`.
  y_weights = compute_class_weights(used_dataset.data.y[partition['train']])
=====Epoch 0
Training...
