================================================================================
多GPU并行对比实验
================================================================================

使用GPU: [2, 3]
GNN类型: ['gcn']
任务类型: ['regression']
KAN类型: fourier
训练轮数: 80
随机种子: 42
Fold: 0
path_current_dir /home/bioinfo202200130116/bioinfo/codebasev5/graphnn/deepadr
path_current_dir /home/bioinfo202200130116/bioinfo/codebasev5/graphnn/deepadr

实验目录: /home/bioinfo202200130116/bioinfo/codebasev5/graphnn/data/processed/DrugComb_loewe_thresh_1/data_v1/experiments/multi_gpu_comparison_2026-05-08_17-14-18_thesis_kagnn_concatkan_kanhead_regression_seed42

加载数据集...
数据集大小: 160228

分区文件不存在，按 random 场景即时生成分区...
/home/bioinfo202200130116/bioinfo/codebasev5/graphnn/deepadr/cold_split.py:154: UserWarning: It is not recommended to directly access the internal storage format `data` of an 'InMemoryDataset'. If you are absolutely certain what you are doing, access the internal storage via `InMemoryDataset._data` instead to suppress this warning. Alternatively, you can access stacked individual attributes of every graph via `dataset.{attr_name}`.
  y = dataset.data.y.cpu().numpy()
  训练集: 115363
  验证集: 12819
  测试集: 32046
path_current_dir /home/bioinfo202200130116/bioinfo/codebasev5/graphnn/deepadr
path_current_dir /home/bioinfo202200130116/bioinfo/codebasev5/graphnn/deepadr
path_current_dir /home/bioinfo202200130116/bioinfo/codebasev5/graphnn/deepadr

分区文件不存在，按 cold_drug 场景即时生成分区...
/home/bioinfo202200130116/bioinfo/codebasev5/graphnn/deepadr/cold_split.py:31: UserWarning: It is not recommended to directly access the internal storage format `data` of an 'InMemoryDataset'. If you are absolutely certain what you are doing, access the internal storage via `InMemoryDataset._data` instead to suppress this warning. Alternatively, you can access stacked individual attributes of every graph via `dataset.{attr_name}`.
  drug_ids_a = dataset.data.drug_a_id.cpu().numpy()
/home/bioinfo202200130116/bioinfo/codebasev5/graphnn/deepadr/cold_split.py:32: UserWarning: It is not recommended to directly access the internal storage format `data` of an 'InMemoryDataset'. If you are absolutely certain what you are doing, access the internal storage via `InMemoryDataset._data` instead to suppress this warning. Alternatively, you can access stacked individual attributes of every graph via `dataset.{attr_name}`.
  drug_ids_b = dataset.data.drug_b_id.cpu().numpy()
  训练集: 69674
  验证集: 2101
  测试集: 7697
path_current_dir /home/bioinfo202200130116/bioinfo/codebasev5/graphnn/deepadr
path_current_dir /home/bioinfo202200130116/bioinfo/codebasev5/graphnn/deepadr
path_current_dir /home/bioinfo202200130116/bioinfo/codebasev5/graphnn/deepadr

总共 2 个实验将在 2 个GPU上运行

实验列表:
  1. GCN_KAGNN_fourier_kan_mlp_loewe_regression_random_seed42_jkconcat_kan (GPU 2) [KAN:✓ HG:kan_mlp]
  2. GCN_KAGNN_fourier_kan_mlp_loewe_regression_cold_drug_seed42_jkconcat_kan (GPU 3) [KAN:✓ HG:kan_mlp]

开始并行训练...
================================================================================
gpu: cuda:2
超图模式: kan_mlp
任务类型: regression
回归目标: loewe_score
使用重构损失: False
/home/bioinfo202200130116/bioinfo/codebasev5/graphnn/deepadr/train_functions_hypergraph.py:173: UserWarning: It is not recommended to directly access the internal storage format `data` of an 'InMemoryDataset'. If you are absolutely certain what you are doing, access the internal storage via `InMemoryDataset._data` instead to suppress this warning. Alternatively, you can access stacked individual attributes of every graph via `dataset.{attr_name}`.
  expression_scaler.fit(used_dataset.data.expression[partition['train']])
gpu: cuda:3
超图模式: kan_mlp
任务类型: regression
回归目标: loewe_score
使用重构损失: False
/home/bioinfo202200130116/bioinfo/codebasev5/graphnn/deepadr/train_functions_hypergraph.py:173: UserWarning: It is not recommended to directly access the internal storage format `data` of an 'InMemoryDataset'. If you are absolutely certain what you are doing, access the internal storage via `InMemoryDataset._data` instead to suppress this warning. Alternatively, you can access stacked individual attributes of every graph via `dataset.{attr_name}`.
  expression_scaler.fit(used_dataset.data.expression[partition['train']])
/home/bioinfo202200130116/bioinfo/codebasev5/graphnn/deepadr/train_functions_hypergraph.py:88: UserWarning: It is not recommended to directly access the internal storage format `data` of an 'InMemoryDataset'. If you are absolutely certain what you are doing, access the internal storage via `InMemoryDataset._data` instead to suppress this warning. Alternatively, you can access stacked individual attributes of every graph via `dataset.{attr_name}`.
  if not hasattr(used_dataset.data, attr_name):
/home/bioinfo202200130116/bioinfo/codebasev5/graphnn/deepadr/train_functions_hypergraph.py:91: UserWarning: It is not recommended to directly access the internal storage format `data` of an 'InMemoryDataset'. If you are absolutely certain what you are doing, access the internal storage via `InMemoryDataset._data` instead to suppress this warning. Alternatively, you can access stacked individual attributes of every graph via `dataset.{attr_name}`.
  train_targets = getattr(used_dataset.data, attr_name)[train_indices].view(-1).type(fdtype)
/home/bioinfo202200130116/bioinfo/codebasev5/graphnn/deepadr/train_functions_hypergraph.py:88: UserWarning: It is not recommended to directly access the internal storage format `data` of an 'InMemoryDataset'. If you are absolutely certain what you are doing, access the internal storage via `InMemoryDataset._data` instead to suppress this warning. Alternatively, you can access stacked individual attributes of every graph via `dataset.{attr_name}`.
  if not hasattr(used_dataset.data, attr_name):
/home/bioinfo202200130116/bioinfo/codebasev5/graphnn/deepadr/train_functions_hypergraph.py:91: UserWarning: It is not recommended to directly access the internal storage format `data` of an 'InMemoryDataset'. If you are absolutely certain what you are doing, access the internal storage via `InMemoryDataset._data` instead to suppress this warning. Alternatively, you can access stacked individual attributes of every graph via `dataset.{attr_name}`.
  train_targets = getattr(used_dataset.data, attr_name)[train_indices].view(-1).type(fdtype)
回归target标准化: enabled=True, mean=-17.885935, std=20.961205
图结构构建: 仅使用当前batch。每行样本加一条边/超边；不检索额外context样本。
回归target标准化: enabled=True, mean=-17.913132, std=21.911253
图结构构建: 仅使用当前batch。每行样本加一条边/超边；不检索额外context样本。
Initialized KAN-enhanced GNN (fourier): gcn, 5 layers, emb_dim=128
Initialized KAN-enhanced GNN (fourier): gcn, 5 layers, emb_dim=128
Dropout(p=0.2, inplace=False) Dropout(p=0.2, inplace=False)
Dropout(p=0.2, inplace=False) Dropout(p=0.2, inplace=False)
=====Epoch 0
Training...
=====Epoch 0
Training...
Evaluating...
{'Train':  best_epoch_indx:0
 auc:-0.34141960695936246 
 apur:-25.377540193494134 
 f1:18.293834624000425 
 precision:-0.0028868960536966464 
 recall:-0.001130075555393523 
, 'Validation':  best_epoch_indx:0
 auc:-0.41798027401477067 
 apur:-23.46316618445534 
 f1:18.214323684750482 
 precision:-0.08984478758293987 
 recall:-0.08499098381243368 
, 'Test':  best_epoch_indx:0
 auc:-0.48805645502896966 
 apur:-22.61205244019777 
 f1:17.38772283524093 
 precision:0.014202640778592141 
 recall:0.024658402805792335 
}
=====Epoch 1
Training...
Evaluating...
Evaluating...
{'Train':  best_epoch_indx:1
 auc:-0.20486568215367273 
 apur:-24.051187091211144 
 f1:16.816124678362996 
 precision:-0.025045029977599713 
 recall:-0.025377277219831827 
, 'Validation':  best_epoch_indx:1
 auc:-0.13879426120188376 
 apur:-21.026847113276656 
 f1:15.715532962848094 
 precision:0.07985599870760948 
 recall:0.06845958968773938 
, 'Test':  best_epoch_indx:1
 auc:-0.2390184274632947 
 apur:-20.63332232883482 
 f1:15.624464443291536 
 precision:0.0022526594679893337 
 recall:-0.015849533037871597 
}
